#
# There is insufficient memory for the Java Runtime Environment to continue.
# Native memory allocation (malloc) failed to allocate 2000736 bytes for Chunk::new
# Possible reasons:
#   The system is out of physical RAM or swap space
#   In 32 bit mode, the process size limit was hit
# Possible solutions:
#   Reduce memory load on the system
#   Increase physical memory or swap space
#   Check if swap backing store is full
#   Use 64 bit Java on a 64 bit OS
#   Decrease Java heap size (-Xmx/-Xms)
#   Decrease number of Java threads
#   Decrease Java thread stack sizes (-Xss)
#   Set larger code cache with -XX:ReservedCodeCacheSize=
# This output file may be truncated or incomplete.
#
#  Out of Memory Error (allocation.cpp:390), pid=772, tid=888
#
# JRE version: Java(TM) SE Runtime Environment (8.0_66-b18) (build 1.8.0_66-b18)
# Java VM: Java HotSpot(TM) 64-Bit Server VM (25.66-b18 mixed mode windows-amd64 compressed oops)
# Failed to write core dump. Minidumps are not enabled by default on client versions of Windows
#

---------------  T H R E A D  ---------------

Current thread (0x0000000019e9e800):  JavaThread "C2 CompilerThread0" daemon [_thread_in_native, id=888, stack(0x000000001b4f0000,0x000000001b5f0000)]

Stack: [0x000000001b4f0000,0x000000001b5f0000]
[error occurred during error reporting (printing stack bounds), id 0xc0000005]

Native frames: (J=compiled Java code, j=interpreted, Vv=VM code, C=native code)


Current CompileTask:
C2:   2696 1297       4       java.net.URLClassLoader$1::run (5 bytes)


---------------  P R O C E S S  ---------------

Java Threads: ( => current thread )
  0x000000001cae4800 JavaThread "Stdin handler" [_thread_blocked, id=5960, stack(0x000000001f540000,0x000000001f640000)]
  0x000000001cb66000 JavaThread "Asynchronous log dispatcher for DefaultDaemonConnection: socket connection from /127.0.0.1:42445 to /127.0.0.1:42446" [_thread_blocked, id=9168, stack(0x000000001f440000,0x000000001f540000)]
  0x000000001cb77000 JavaThread "Daemon worker" [_thread_in_vm, id=15160, stack(0x000000001f340000,0x000000001f440000)]
  0x000000001cb4e800 JavaThread "Cancel handler" [_thread_blocked, id=5080, stack(0x000000001f240000,0x000000001f340000)]
  0x000000001ca58800 JavaThread "Handler for socket connection from /127.0.0.1:42445 to /127.0.0.1:42446" [_thread_in_native, id=14404, stack(0x000000001f140000,0x000000001f240000)]
  0x000000001cdd4000 JavaThread "Daemon" [_thread_blocked, id=13908, stack(0x000000001f040000,0x000000001f140000)]
  0x000000001cedc000 JavaThread "Incoming local TCP Connector on port 42445" [_thread_in_native, id=6132, stack(0x000000001ec00000,0x000000001ed00000)]
  0x000000001cdde000 JavaThread "pool-1-thread-1" [_thread_blocked, id=6644, stack(0x000000001e590000,0x000000001e690000)]
  0x000000001b818800 JavaThread "Service Thread" daemon [_thread_blocked, id=8940, stack(0x000000001bbf0000,0x000000001bcf0000)]
  0x0000000019eab000 JavaThread "C1 CompilerThread2" daemon [_thread_blocked, id=11600, stack(0x000000001b6f0000,0x000000001b7f0000)]
  0x0000000019ea4000 JavaThread "C2 CompilerThread1" daemon [_thread_blocked, id=5892, stack(0x000000001b5f0000,0x000000001b6f0000)]
=>0x0000000019e9e800 JavaThread "C2 CompilerThread0" daemon [_thread_in_native, id=888, stack(0x000000001b4f0000,0x000000001b5f0000)]
  0x0000000019e9c800 JavaThread "Attach Listener" daemon [_thread_blocked, id=10372, stack(0x000000001b3f0000,0x000000001b4f0000)]
  0x0000000019e9b000 JavaThread "Signal Dispatcher" daemon [_thread_blocked, id=13732, stack(0x000000001b2f0000,0x000000001b3f0000)]
  0x0000000005247800 JavaThread "Finalizer" daemon [_thread_blocked, id=10432, stack(0x000000001b0f0000,0x000000001b1f0000)]
  0x000000000523e800 JavaThread "Reference Handler" daemon [_thread_blocked, id=11908, stack(0x000000001aff0000,0x000000001b0f0000)]
  0x000000000514e800 JavaThread "main" [_thread_blocked, id=12836, stack(0x0000000005030000,0x0000000005130000)]

Other Threads:
  0x0000000019e68800 VMThread [stack: 0x000000001aef0000,0x000000001aff0000] [id=6128]
  0x000000001b856800 WatcherThread [stack: 0x000000001bcf0000,0x000000001bdf0000] [id=10064]

VM state:not at safepoint (normal execution)

VM Mutex/Monitor currently owned by a thread: None

Heap:
 PSYoungGen      total 38400K, used 32266K [0x00000000d5580000, 0x00000000d8000000, 0x0000000100000000)
  eden space 33280K, 81% used [0x00000000d5580000,0x00000000d7003e20,0x00000000d7600000)
  from space 5120K, 99% used [0x00000000d7b00000,0x00000000d7ffeba8,0x00000000d8000000)
  to   space 5120K, 0% used [0x00000000d7600000,0x00000000d7600000,0x00000000d7b00000)
 ParOldGen       total 87552K, used 786K [0x0000000080000000, 0x0000000085580000, 0x00000000d5580000)
  object space 87552K, 0% used [0x0000000080000000,0x00000000800c49d0,0x0000000085580000)
 Metaspace       used 15791K, capacity 16120K, committed 16256K, reserved 1062912K
  class space    used 2240K, capacity 2341K, committed 2432K, reserved 1048576K

Card table byte_map: [0x0000000014610000,0x0000000014a20000] byte_map_base: 0x0000000014210000

Marking Bits: (ParMarkBitMap*) 0x000000005237a5b0
 Begin Bits: [0x00000000150d0000, 0x00000000170d0000)
 End Bits:   [0x00000000170d0000, 0x00000000190d0000)

Polling page: 0x0000000005000000

CodeCache: size=245760Kb used=4714Kb max_used=4714Kb free=241045Kb
 bounds [0x0000000005250000, 0x00000000056f0000, 0x0000000014250000]
 total_blobs=1757 nmethods=1366 adapters=303
 compilation: enabled

Compilation events (10 events):
Event: 2.665 Thread 0x0000000019eab000 1347       3       sun.misc.ProxyGenerator$ConstantPool::getFieldRef (33 bytes)
Event: 2.666 Thread 0x0000000019eab000 nmethod 1347 0x00000000056dc650 code [0x00000000056dc8e0, 0x00000000056dd648]
Event: 2.666 Thread 0x0000000019eab000 1348       3       sun.misc.ProxyGenerator::code_aload (11 bytes)
Event: 2.667 Thread 0x0000000019eab000 nmethod 1348 0x00000000056dbd10 code [0x00000000056dbe80, 0x00000000056dc028]
Event: 2.667 Thread 0x0000000019eab000 1349       3       java.io.ByteArrayOutputStream::grow (43 bytes)
Event: 2.667 Thread 0x0000000019eab000 nmethod 1349 0x00000000056db310 code [0x00000000056db4c0, 0x00000000056dbab8]
Event: 2.667 Thread 0x0000000019eab000 1351       3       java.lang.Class$MethodArray::<init> (38 bytes)
Event: 2.667 Thread 0x0000000019eab000 nmethod 1351 0x00000000056dad10 code [0x00000000056dae80, 0x00000000056db1e8]
Event: 2.667 Thread 0x0000000019eab000 1352       3       org.gradle.internal.service.DefaultServiceRegistry$CachingProvider::getService (47 bytes)
Event: 2.668 Thread 0x0000000019eab000 nmethod 1352 0x00000000056dec10 code [0x00000000056dee20, 0x00000000056df998]

GC Heap History (4 events):
Event: 0.815 GC heap before
{Heap before GC invocations=1 (full 0):
 PSYoungGen      total 38400K, used 33280K [0x00000000d5580000, 0x00000000d8000000, 0x0000000100000000)
  eden space 33280K, 100% used [0x00000000d5580000,0x00000000d7600000,0x00000000d7600000)
  from space 5120K, 0% used [0x00000000d7b00000,0x00000000d7b00000,0x00000000d8000000)
  to   space 5120K, 0% used [0x00000000d7600000,0x00000000d7600000,0x00000000d7b00000)
 ParOldGen       total 87552K, used 0K [0x0000000080000000, 0x0000000085580000, 0x00000000d5580000)
  object space 87552K, 0% used [0x0000000080000000,0x0000000080000000,0x0000000085580000)
 Metaspace       used 6823K, capacity 6952K, committed 7040K, reserved 1056768K
  class space    used 858K, capacity 888K, committed 896K, reserved 1048576K
Event: 0.819 GC heap after
Heap after GC invocations=1 (full 0):
 PSYoungGen      total 38400K, used 4202K [0x00000000d5580000, 0x00000000d8000000, 0x0000000100000000)
  eden space 33280K, 0% used [0x00000000d5580000,0x00000000d5580000,0x00000000d7600000)
  from space 5120K, 82% used [0x00000000d7600000,0x00000000d7a1a828,0x00000000d7b00000)
  to   space 5120K, 0% used [0x00000000d7b00000,0x00000000d7b00000,0x00000000d8000000)
 ParOldGen       total 87552K, used 8K [0x0000000080000000, 0x0000000085580000, 0x00000000d5580000)
  object space 87552K, 0% used [0x0000000080000000,0x0000000080002000,0x0000000085580000)
 Metaspace       used 6823K, capacity 6952K, committed 7040K, reserved 1056768K
  class space    used 858K, capacity 888K, committed 896K, reserved 1048576K
}
Event: 2.164 GC heap before
{Heap before GC invocations=2 (full 0):
 PSYoungGen      total 38400K, used 37482K [0x00000000d5580000, 0x00000000d8000000, 0x0000000100000000)
  eden space 33280K, 100% used [0x00000000d5580000,0x00000000d7600000,0x00000000d7600000)
  from space 5120K, 82% used [0x00000000d7600000,0x00000000d7a1a828,0x00000000d7b00000)
  to   space 5120K, 0% used [0x00000000d7b00000,0x00000000d7b00000,0x00000000d8000000)
 ParOldGen       total 87552K, used 8K [0x0000000080000000, 0x0000000085580000, 0x00000000d5580000)
  object space 87552K, 0% used [0x0000000080000000,0x0000000080002000,0x0000000085580000)
 Metaspace       used 13003K, capacity 13368K, committed 13440K, reserved 1060864K
  class space    used 1776K, capacity 1893K, committed 1920K, reserved 1048576K
Event: 2.171 GC heap after
Heap after GC invocations=2 (full 0):
 PSYoungGen      total 38400K, used 5114K [0x00000000d5580000, 0x00000000d8000000, 0x0000000100000000)
  eden space 33280K, 0% used [0x00000000d5580000,0x00000000d5580000,0x00000000d7600000)
  from space 5120K, 99% used [0x00000000d7b00000,0x00000000d7ffeba8,0x00000000d8000000)
  to   space 5120K, 0% used [0x00000000d7600000,0x00000000d7600000,0x00000000d7b00000)
 ParOldGen       total 87552K, used 786K [0x0000000080000000, 0x0000000085580000, 0x00000000d5580000)
  object space 87552K, 0% used [0x0000000080000000,0x00000000800c49d0,0x0000000085580000)
 Metaspace       used 13003K, capacity 13368K, committed 13440K, reserved 1060864K
  class space    used 1776K, capacity 1893K, committed 1920K, reserved 1048576K
}

Deoptimization events (10 events):
Event: 1.370 Thread 0x000000000514e800 Uncommon trap: reason=unstable_if action=reinterpret pc=0x0000000005492ebc method=java.util.HashMap.getNode(ILjava/lang/Object;)Ljava/util/HashMap$Node; @ 129
Event: 1.370 Thread 0x000000000514e800 Uncommon trap: reason=bimorphic action=maybe_recompile pc=0x00000000054cda28 method=java.util.HashMap.putVal(ILjava/lang/Object;Ljava/lang/Object;ZZ)Ljava/lang/Object; @ 203
Event: 1.852 Thread 0x000000000514e800 Uncommon trap: reason=unstable_if action=reinterpret pc=0x000000000547d840 method=java.lang.String$CaseInsensitiveComparator.compare(Ljava/lang/String;Ljava/lang/String;)I @ 26
Event: 1.923 Thread 0x000000000514e800 Uncommon trap: reason=unstable_if action=reinterpret pc=0x000000000548f640 method=sun.misc.MetaIndex.mayContain(Ljava/lang/String;)Z @ 38
Event: 2.009 Thread 0x000000001cb77000 Uncommon trap: reason=bimorphic action=maybe_recompile pc=0x000000000557f5c0 method=java.util.HashMap.putVal(ILjava/lang/Object;Ljava/lang/Object;ZZ)Ljava/lang/Object; @ 253
Event: 2.009 Thread 0x000000001cb77000 Uncommon trap: reason=bimorphic action=maybe_recompile pc=0x000000000557f5c0 method=java.util.HashMap.putVal(ILjava/lang/Object;Ljava/lang/Object;ZZ)Ljava/lang/Object; @ 253
Event: 2.306 Thread 0x000000001cb77000 Uncommon trap: reason=class_check action=maybe_recompile pc=0x00000000054af69c method=java.util.regex.Matcher.match(II)Z @ 86
Event: 2.307 Thread 0x000000001cb77000 Uncommon trap: reason=class_check action=maybe_recompile pc=0x00000000054af69c method=java.util.regex.Matcher.match(II)Z @ 86
Event: 2.654 Thread 0x000000001cb77000 Uncommon trap: reason=unstable_if action=reinterpret pc=0x00000000053a75c8 method=java.net.URI.match(CJJ)Z @ 19
Event: 2.654 Thread 0x000000001cb77000 Uncommon trap: reason=unstable_if action=reinterpret pc=0x00000000054d9048 method=java.net.URI.match(CJJ)Z @ 19

Internal exceptions (10 events):
Event: 1.952 Thread 0x000000001ca58800 Exception <a 'java/lang/NoSuchMethodError': <clinit>> (0x00000000d6f291e8) thrown at [C:\re\workspace\8-2-build-windows-amd64-cygwin\jdk8u66\5298\hotspot\src\share\vm\prims\jni.cpp, line 1591]
Event: 1.961 Thread 0x000000001ca58800 Exception <a 'java/lang/NoSuchMethodError': <clinit>> (0x00000000d6fa17b0) thrown at [C:\re\workspace\8-2-build-windows-amd64-cygwin\jdk8u66\5298\hotspot\src\share\vm\prims\jni.cpp, line 1591]
Event: 1.964 Thread 0x000000001ca58800 Exception <a 'java/lang/NoSuchMethodError': <clinit>> (0x00000000d6fcb150) thrown at [C:\re\workspace\8-2-build-windows-amd64-cygwin\jdk8u66\5298\hotspot\src\share\vm\prims\jni.cpp, line 1591]
Event: 1.965 Thread 0x000000001ca58800 Exception <a 'java/lang/NoSuchMethodError': <clinit>> (0x00000000d6fd8948) thrown at [C:\re\workspace\8-2-build-windows-amd64-cygwin\jdk8u66\5298\hotspot\src\share\vm\prims\jni.cpp, line 1591]
Event: 1.968 Thread 0x000000001ca58800 Exception <a 'java/lang/NoSuchMethodError': <clinit>> (0x00000000d7001f88) thrown at [C:\re\workspace\8-2-build-windows-amd64-cygwin\jdk8u66\5298\hotspot\src\share\vm\prims\jni.cpp, line 1591]
Event: 2.001 Thread 0x000000001cb77000 Exception <a 'java/lang/NoSuchMethodError': <clinit>> (0x00000000d7121cd8) thrown at [C:\re\workspace\8-2-build-windows-amd64-cygwin\jdk8u66\5298\hotspot\src\share\vm\prims\jni.cpp, line 1591]
Event: 2.001 Thread 0x000000001cb77000 Exception <a 'java/lang/NoSuchMethodError': <clinit>> (0x00000000d7129f60) thrown at [C:\re\workspace\8-2-build-windows-amd64-cygwin\jdk8u66\5298\hotspot\src\share\vm\prims\jni.cpp, line 1591]
Event: 2.058 Thread 0x000000001cb77000 Exception <a 'java/lang/ArrayIndexOutOfBoundsException'> (0x00000000d737ffb8) thrown at [C:\re\workspace\8-2-build-windows-amd64-cygwin\jdk8u66\5298\hotspot\src\share\vm\runtime\sharedRuntime.cpp, line 605]
Event: 2.136 Thread 0x000000001cb77000 Exception <a 'java/lang/ArrayIndexOutOfBoundsException'> (0x00000000d7451438) thrown at [C:\re\workspace\8-2-build-windows-amd64-cygwin\jdk8u66\5298\hotspot\src\share\vm\runtime\sharedRuntime.cpp, line 605]
Event: 2.136 Thread 0x000000001cb77000 Exception <a 'java/lang/ArrayIndexOutOfBoundsException'> (0x00000000d7452978) thrown at [C:\re\workspace\8-2-build-windows-amd64-cygwin\jdk8u66\5298\hotspot\src\share\vm\runtime\sharedRuntime.cpp, line 605]

Events (10 events):
Event: 2.663 loading class org/gradle/execution/TaskPathProjectEvaluator
Event: 2.663 loading class org/gradle/execution/TaskPathProjectEvaluator done
Event: 2.664 loading class org/gradle/configuration/DefaultBuildConfigurer
Event: 2.664 loading class org/gradle/configuration/DefaultBuildConfigurer done
Event: 2.665 loading class org/gradle/initialization/DefaultExceptionAnalyser
Event: 2.665 loading class org/gradle/initialization/DefaultExceptionAnalyser done
Event: 2.665 loading class org/gradle/initialization/ModelConfigurationListener
Event: 2.665 loading class org/gradle/initialization/ModelConfigurationListener done
Event: 2.667 loading class org/gradle/api/internal/tasks/options/OptionValidationException
Event: 2.667 loading class org/gradle/api/internal/tasks/options/OptionValidationException done


Dynamic libraries:
0x00007ff7d20d0000 - 0x00007ff7d2107000 	C:\Program Files\Java\jdk1.8.0_66\bin\java.exe
0x00007ffff3860000 - 0x00007ffff3a40000 	C:\WINDOWS\SYSTEM32\ntdll.dll
0x00007ffff0d90000 - 0x00007ffff0e3e000 	C:\WINDOWS\System32\KERNEL32.DLL
0x00007fffeff30000 - 0x00007ffff0196000 	C:\WINDOWS\System32\KERNELBASE.dll
0x00007ffff1140000 - 0x00007ffff11e1000 	C:\WINDOWS\System32\ADVAPI32.dll
0x00007ffff3790000 - 0x00007ffff382d000 	C:\WINDOWS\System32\msvcrt.dll
0x00007ffff0d30000 - 0x00007ffff0d8b000 	C:\WINDOWS\System32\sechost.dll
0x00007ffff0f10000 - 0x00007ffff102f000 	C:\WINDOWS\System32\RPCRT4.dll
0x00007ffff3460000 - 0x00007ffff35ee000 	C:\WINDOWS\System32\USER32.dll
0x00007ffff01a0000 - 0x00007ffff01c0000 	C:\WINDOWS\System32\win32u.dll
0x00007ffff10a0000 - 0x00007ffff10c8000 	C:\WINDOWS\System32\GDI32.dll
0x00007ffff01c0000 - 0x00007ffff0354000 	C:\WINDOWS\System32\gdi32full.dll
0x00007fffefe90000 - 0x00007fffeff2b000 	C:\WINDOWS\System32\msvcp_win.dll
0x00007fffefd90000 - 0x00007fffefe86000 	C:\WINDOWS\System32\ucrtbase.dll
0x00007fffe2120000 - 0x00007fffe2389000 	C:\WINDOWS\WinSxS\amd64_microsoft.windows.common-controls_6595b64144ccf1df_6.0.16299.19_none_cc92fab02215da61\COMCTL32.dll
0x00007ffff3150000 - 0x00007ffff3458000 	C:\WINDOWS\System32\combase.dll
0x00007fffefc60000 - 0x00007fffefcd2000 	C:\WINDOWS\System32\bcryptPrimitives.dll
0x00007ffff1490000 - 0x00007ffff14bd000 	C:\WINDOWS\System32\IMM32.DLL
0x0000000052400000 - 0x00000000524d2000 	C:\Program Files\Java\jdk1.8.0_66\jre\bin\msvcr100.dll
0x0000000051b70000 - 0x00000000523f9000 	C:\Program Files\Java\jdk1.8.0_66\jre\bin\server\jvm.dll
0x00007ffff12f0000 - 0x00007ffff12f8000 	C:\WINDOWS\System32\PSAPI.DLL
0x00007fffebfd0000 - 0x00007fffebff3000 	C:\WINDOWS\SYSTEM32\WINMM.dll
0x00007fffe3470000 - 0x00007fffe347a000 	C:\WINDOWS\SYSTEM32\VERSION.dll
0x00007fffee9c0000 - 0x00007fffee9c9000 	C:\WINDOWS\SYSTEM32\WSOCK32.dll
0x00007ffff1030000 - 0x00007ffff109c000 	C:\WINDOWS\System32\WS2_32.dll
0x00007fffebf10000 - 0x00007fffebf3a000 	C:\WINDOWS\SYSTEM32\WINMMBASE.dll
0x00007fffefd40000 - 0x00007fffefd8a000 	C:\WINDOWS\System32\cfgmgr32.dll
0x0000000054430000 - 0x000000005443f000 	C:\Program Files\Java\jdk1.8.0_66\jre\bin\verify.dll
0x0000000051b40000 - 0x0000000051b69000 	C:\Program Files\Java\jdk1.8.0_66\jre\bin\java.dll
0x0000000054410000 - 0x0000000054426000 	C:\Program Files\Java\jdk1.8.0_66\jre\bin\zip.dll
0x00007ffff1a20000 - 0x00007ffff2e57000 	C:\WINDOWS\System32\SHELL32.dll
0x00007ffff1520000 - 0x00007ffff15c6000 	C:\WINDOWS\System32\shcore.dll
0x00007ffff0410000 - 0x00007ffff0b57000 	C:\WINDOWS\System32\windows.storage.dll
0x00007ffff10d0000 - 0x00007ffff1121000 	C:\WINDOWS\System32\shlwapi.dll
0x00007fffefc40000 - 0x00007fffefc51000 	C:\WINDOWS\System32\kernel.appcore.dll
0x00007fffefbb0000 - 0x00007fffefbfc000 	C:\WINDOWS\System32\powrprof.dll
0x00007fffefc00000 - 0x00007fffefc1b000 	C:\WINDOWS\System32\profapi.dll
0x0000000051b20000 - 0x0000000051b3a000 	C:\Program Files\Java\jdk1.8.0_66\jre\bin\net.dll
0x00007fffef440000 - 0x00007fffef4a6000 	C:\WINDOWS\system32\mswsock.dll
0x0000000051b00000 - 0x0000000051b11000 	C:\Program Files\Java\jdk1.8.0_66\jre\bin\nio.dll
0x00007fffe9e80000 - 0x00007fffe9e9e000 	C:\Users\RIL\.gradle\native\23\windows-amd64\native-platform.dll
0x00007fffef610000 - 0x00007fffef627000 	C:\WINDOWS\SYSTEM32\CRYPTSP.dll
0x00007fffeeff0000 - 0x00007fffef023000 	C:\WINDOWS\system32\rsaenh.dll
0x00007fffef710000 - 0x00007fffef735000 	C:\WINDOWS\SYSTEM32\bcrypt.dll
0x00007fffefae0000 - 0x00007fffefb09000 	C:\WINDOWS\SYSTEM32\USERENV.dll
0x00007fffef600000 - 0x00007fffef60b000 	C:\WINDOWS\SYSTEM32\CRYPTBASE.dll
0x00007fffef170000 - 0x00007fffef1a9000 	C:\WINDOWS\SYSTEM32\IPHLPAPI.DLL
0x00007ffff1130000 - 0x00007ffff1138000 	C:\WINDOWS\System32\NSI.dll
0x00007fffe8fa0000 - 0x00007fffe8fb6000 	C:\WINDOWS\SYSTEM32\dhcpcsvc6.DLL
0x00007fffe9770000 - 0x00007fffe978a000 	C:\WINDOWS\SYSTEM32\dhcpcsvc.DLL
0x0000000051af0000 - 0x0000000051afd000 	C:\Program Files\Java\jdk1.8.0_66\jre\bin\management.dll

VM Arguments:
jvm_args: -Xmx2048m -Dfile.encoding=windows-1252 -Duser.country=IN -Duser.language=en -Duser.variant 
java_command: org.gradle.launcher.daemon.bootstrap.GradleDaemon 3.3
java_class_path (initial): C:\Users\RIL\.gradle\wrapper\dists\gradle-3.3-all\55gk2rcmfc6p2dg9u9ohc3hw9\gradle-3.3\lib\gradle-launcher-3.3.jar
Launcher Type: SUN_STANDARD

Environment Variables:
JAVA_HOME=C:\Program Files\Java\jdk1.8.0_66
CLASSPATH=H:\watchHours-ionic\platforms\android\\gradle\wrapper\gradle-wrapper.jar
USERNAME=MANOJ
OS=Windows_NT
PROCESSOR_IDENTIFIER=Intel64 Family 6 Model 61 Stepping 4, GenuineIntel



---------------  S Y S T E M  ---------------

OS: Windows 10.0 , 64 bit Build 16299 (10.0.16299.15)

CPU:total 4 (2 cores per cpu, 2 threads per core) family 6 model 61 stepping 4, cmov, cx8, fxsr, mmx, sse, sse2, sse3, ssse3, sse4.1, sse4.2, popcnt, avx, avx2, aes, clmul, erms, 3dnowpref, lzcnt, ht, tsc, tscinvbit, bmi1, bmi2, adx

Memory: 4k page, physical 8301964k(2154724k free), swap 9732492k(6012k free)

vm_info: Java HotSpot(TM) 64-Bit Server VM (25.66-b18) for windows-amd64 JRE (1.8.0_66-b18), built on Nov  9 2015 10:51:13 by "java_re" with MS VC++ 10.0 (VS2010)

time: Wed Nov 15 18:18:39 2017
elapsed time: 2 seconds (0d 0h 0m 2s)

