#
# There is insufficient memory for the Java Runtime Environment to continue.
# Native memory allocation (malloc) failed to allocate 32744 bytes for ChunkPool::allocate
# Possible reasons:
#   The system is out of physical RAM or swap space
#   In 32 bit mode, the process size limit was hit
# Possible solutions:
#   Reduce memory load on the system
#   Increase physical memory or swap space
#   Check if swap backing store is full
#   Use 64 bit Java on a 64 bit OS
#   Decrease Java heap size (-Xmx/-Xms)
#   Decrease number of Java threads
#   Decrease Java thread stack sizes (-Xss)
#   Set larger code cache with -XX:ReservedCodeCacheSize=
# This output file may be truncated or incomplete.
#
#  Out of Memory Error (allocation.cpp:273), pid=13008, tid=7932
#
# JRE version: Java(TM) SE Runtime Environment (8.0_66-b18) (build 1.8.0_66-b18)
# Java VM: Java HotSpot(TM) 64-Bit Server VM (25.66-b18 mixed mode windows-amd64 compressed oops)
# Failed to write core dump. Minidumps are not enabled by default on client versions of Windows
#

---------------  T H R E A D  ---------------

Current thread (0x0000000015959000):  JavaThread "C1 CompilerThread2" daemon [_thread_in_native, id=7932, stack(0x00000000171a0000,0x00000000172a0000)]

Stack: [0x00000000171a0000,0x00000000172a0000]
[error occurred during error reporting (printing stack bounds), id 0xc0000005]

Native frames: (J=compiled Java code, j=interpreted, Vv=VM code, C=native code)


Current CompileTask:
C1:    130   56       3       sun.misc.MetaIndex::mayContain (51 bytes)


---------------  P R O C E S S  ---------------

Java Threads: ( => current thread )
  0x00000000159ae800 JavaThread "Service Thread" daemon [_thread_blocked, id=9748, stack(0x00000000176a0000,0x00000000177a0000)]
=>0x0000000015959000 JavaThread "C1 CompilerThread2" daemon [_thread_in_native, id=7932, stack(0x00000000171a0000,0x00000000172a0000)]
  0x0000000015953800 JavaThread "C2 CompilerThread1" daemon [_thread_blocked, id=6472, stack(0x00000000170a0000,0x00000000171a0000)]
  0x0000000015950800 JavaThread "C2 CompilerThread0" daemon [_thread_blocked, id=8380, stack(0x0000000016fa0000,0x00000000170a0000)]
  0x000000001594e800 JavaThread "Attach Listener" daemon [_thread_blocked, id=8520, stack(0x0000000016ea0000,0x0000000016fa0000)]
  0x000000001594d800 JavaThread "Signal Dispatcher" daemon [_thread_blocked, id=5316, stack(0x0000000016da0000,0x0000000016ea0000)]
  0x0000000003279000 JavaThread "Finalizer" daemon [_thread_blocked, id=12568, stack(0x0000000016bb0000,0x0000000016cb0000)]
  0x0000000003270000 JavaThread "Reference Handler" daemon [_thread_blocked, id=9824, stack(0x0000000016ab0000,0x0000000016bb0000)]
  0x0000000003182800 JavaThread "main" [_thread_in_vm, id=11612, stack(0x00000000018b0000,0x00000000019b0000)]

Other Threads:
  0x0000000015916800 VMThread [stack: 0x00000000169b0000,0x0000000016ab0000] [id=9580]
  0x00000000172f6000 WatcherThread [stack: 0x00000000177a0000,0x00000000178a0000] [id=11984]

VM state:not at safepoint (normal execution)

VM Mutex/Monitor currently owned by a thread: None

Heap:
 PSYoungGen      total 18944K, used 1639K [0x00000000eb180000, 0x00000000ec680000, 0x0000000100000000)
  eden space 16384K, 10% used [0x00000000eb180000,0x00000000eb319ec0,0x00000000ec180000)
  from space 2560K, 0% used [0x00000000ec400000,0x00000000ec400000,0x00000000ec680000)
  to   space 2560K, 0% used [0x00000000ec180000,0x00000000ec180000,0x00000000ec400000)
 ParOldGen       total 44032K, used 0K [0x00000000c1400000, 0x00000000c3f00000, 0x00000000eb180000)
  object space 44032K, 0% used [0x00000000c1400000,0x00000000c1400000,0x00000000c3f00000)
 Metaspace       used 3068K, capacity 4600K, committed 4864K, reserved 1056768K
  class space    used 337K, capacity 424K, committed 512K, reserved 1048576K

Card table byte_map: [0x0000000012700000,0x0000000012900000] byte_map_base: 0x00000000120f6000

Marking Bits: (ParMarkBitMap*) 0x0000000057efa5b0
 Begin Bits: [0x0000000012e50000, 0x0000000013e00000)
 End Bits:   [0x0000000013e00000, 0x0000000014db0000)

Polling page: 0x00000000019b0000

CodeCache: size=245760Kb used=1142Kb max_used=1153Kb free=244618Kb
 bounds [0x0000000003340000, 0x00000000035b0000, 0x0000000012340000]
 total_blobs=296 nmethods=55 adapters=154
 compilation: enabled

Compilation events (10 events):
Event: 0.126 Thread 0x0000000015959000   50       1       java.net.URL::getHost (5 bytes)
Event: 0.126 Thread 0x0000000015959000 nmethod 50 0x000000000345c810 code [0x000000000345c960, 0x000000000345ca70]
Event: 0.127 Thread 0x0000000015953800   52       4       java.lang.String::indexOf (70 bytes)
Event: 0.127 Thread 0x0000000015959000   53       3       java.lang.AbstractStringBuilder::expandCapacity (50 bytes)
Event: 0.128 Thread 0x0000000015959000 nmethod 53 0x000000000345cad0 code [0x000000000345cc60, 0x000000000345d1b8]
Event: 0.128 Thread 0x0000000015959000   55       1       java.net.URL::getPath (5 bytes)
Event: 0.128 Thread 0x0000000015959000 nmethod 55 0x000000000345d390 code [0x000000000345d4e0, 0x000000000345d5f0]
Event: 0.128 Thread 0x0000000015959000   54       1       java.net.URL::getAuthority (5 bytes)
Event: 0.128 Thread 0x0000000015959000 nmethod 54 0x000000000345d650 code [0x000000000345d7a0, 0x000000000345d8b0]
Event: 0.129 Thread 0x0000000015959000   56       3       sun.misc.MetaIndex::mayContain (51 bytes)

GC Heap History (0 events):
No events

Deoptimization events (0 events):
No events

Internal exceptions (2 events):
Event: 0.044 Thread 0x0000000003182800 Exception <a 'java/lang/NoSuchMethodError': Method sun.misc.Unsafe.defineClass(Ljava/lang/String;[BII)Ljava/lang/Class; name or signature does not match> (0x00000000eb18e3e8) thrown at [C:\re\workspace\8-2-build-windows-amd64-cygwin\jdk8u66\5298\hotspot\srÀÔ’µ√¶?
Event: 0.044 Thread 0x0000000003182800 Exception <a 'java/lang/NoSuchMethodError': Method sun.misc.Unsafe.prefetchRead(Ljava/lang/Object;J)V name or signature does not match> (0x00000000eb18e6d0) thrown at [C:\re\workspace\8-2-build-windows-amd64-cygwin\jdk8u66\5298\hotspot\src\share\vm\prims\j

Events (10 events):
Event: 0.128 loading class java/util/regex/Pattern$First
Event: 0.128 loading class java/util/regex/Pattern$First done
Event: 0.128 loading class java/util/regex/Pattern$Start
Event: 0.128 loading class java/util/regex/Pattern$Start done
Event: 0.128 loading class java/util/regex/Pattern$TreeInfo
Event: 0.128 loading class java/util/regex/Pattern$TreeInfo done
Event: 0.128 loading class java/util/ArrayList$Itr
Event: 0.129 loading class java/util/ArrayList$Itr done
Event: 0.129 loading class org/gradle/wrapper/SystemPropertiesHandler
Event: 0.129 loading class org/gradle/wrapper/SystemPropertiesHandler done


Dynamic libraries:
0x00007ff6a01e0000 - 0x00007ff6a0217000 	C:\Program Files\Java\jdk1.8.0_66\bin\java.exe
0x00007ffce9db0000 - 0x00007ffce9f8b000 	C:\WINDOWS\SYSTEM32\ntdll.dll
0x00007ffce7ac0000 - 0x00007ffce7b6e000 	C:\WINDOWS\System32\KERNEL32.DLL
0x00007ffce6a20000 - 0x00007ffce6c69000 	C:\WINDOWS\System32\KERNELBASE.dll
0x00007ffce7e60000 - 0x00007ffce7f01000 	C:\WINDOWS\System32\ADVAPI32.dll
0x00007ffce87b0000 - 0x00007ffce884d000 	C:\WINDOWS\System32\msvcrt.dll
0x00007ffce8850000 - 0x00007ffce88a9000 	C:\WINDOWS\System32\sechost.dll
0x00007ffce7890000 - 0x00007ffce79b5000 	C:\WINDOWS\System32\RPCRT4.dll
0x00007ffce8520000 - 0x00007ffce866a000 	C:\WINDOWS\System32\USER32.dll
0x00007ffce7160000 - 0x00007ffce717e000 	C:\WINDOWS\System32\win32u.dll
0x00007ffce7a20000 - 0x00007ffce7a47000 	C:\WINDOWS\System32\GDI32.dll
0x00007ffce7180000 - 0x00007ffce7308000 	C:\WINDOWS\System32\gdi32full.dll
0x00007ffce70c0000 - 0x00007ffce715a000 	C:\WINDOWS\System32\msvcp_win.dll
0x00007ffce6ea0000 - 0x00007ffce6f96000 	C:\WINDOWS\System32\ucrtbase.dll
0x00007ffcdfb70000 - 0x00007ffcdfdd7000 	C:\WINDOWS\WinSxS\amd64_microsoft.windows.common-controls_6595b64144ccf1df_6.0.15063.483_none_26002d27e7c744a2\COMCTL32.dll
0x00007ffce7590000 - 0x00007ffce7889000 	C:\WINDOWS\System32\combase.dll
0x00007ffce7050000 - 0x00007ffce70ba000 	C:\WINDOWS\System32\bcryptPrimitives.dll
0x00007ffce88b0000 - 0x00007ffce88dd000 	C:\WINDOWS\System32\IMM32.DLL
0x0000000057f80000 - 0x0000000058052000 	C:\Program Files\Java\jdk1.8.0_66\jre\bin\msvcr100.dll
0x00000000576f0000 - 0x0000000057f79000 	C:\Program Files\Java\jdk1.8.0_66\jre\bin\server\jvm.dll
0x00007ffce73b0000 - 0x00007ffce73b8000 	C:\WINDOWS\System32\PSAPI.DLL
0x00007ffce0780000 - 0x00007ffce078a000 	C:\WINDOWS\SYSTEM32\VERSION.dll
0x00007ffce47d0000 - 0x00007ffce47f3000 	C:\WINDOWS\SYSTEM32\WINMM.dll
0x00007ffce2030000 - 0x00007ffce2039000 	C:\WINDOWS\SYSTEM32\WSOCK32.dll
0x00007ffce88e0000 - 0x00007ffce894c000 	C:\WINDOWS\System32\WS2_32.dll
0x00007ffce47a0000 - 0x00007ffce47cb000 	C:\WINDOWS\SYSTEM32\winmmbase.dll
0x00007ffce69d0000 - 0x00007ffce6a19000 	C:\WINDOWS\System32\cfgmgr32.dll
0x00000000576e0000 - 0x00000000576ef000 	C:\Program Files\Java\jdk1.8.0_66\jre\bin\verify.dll
0x00000000576b0000 - 0x00000000576d9000 	C:\Program Files\Java\jdk1.8.0_66\jre\bin\java.dll
0x0000000057690000 - 0x00000000576a6000 	C:\Program Files\Java\jdk1.8.0_66\jre\bin\zip.dll
0x00007ffce8950000 - 0x00007ffce9d87000 	C:\WINDOWS\System32\SHELL32.dll
0x00007ffce8670000 - 0x00007ffce871a000 	C:\WINDOWS\System32\shcore.dll
0x00007ffce62d0000 - 0x00007ffce69c3000 	C:\WINDOWS\System32\windows.storage.dll
0x00007ffce7a60000 - 0x00007ffce7ab1000 	C:\WINDOWS\System32\shlwapi.dll
0x00007ffce6240000 - 0x00007ffce6251000 	C:\WINDOWS\System32\kernel.appcore.dll
0x00007ffce6260000 - 0x00007ffce62ac000 	C:\WINDOWS\System32\powrprof.dll
0x00007ffce6220000 - 0x00007ffce6235000 	C:\WINDOWS\System32\profapi.dll

VM Arguments:
jvm_args: -Dorg.gradle.appname=gradlew 
java_command: org.gradle.wrapper.GradleWrapperMain cdvBuildDebug -b H:\COURSERA\FULL STACK WEB DEVELOPMENT COURSE\CAPSTONE PROJECT\Capstone Project\watchours-ionic\watchours\platforms\android\build.gradle -Dorg.gradle.daemon=true -Dorg.gradle.jvmargs=-Xmx2048m -Pandroid.useDeprecatedNdk=true
java_class_path (initial): H:\COURSERA\FULL STACK WEB DEVELOPMENT COURSE\CAPSTONE PROJECT\Capstone Project\watchours-ionic\watchours\platforms\android\\gradle\wrapper\gradle-wrapper.jar
Launcher Type: SUN_STANDARD

Environment Variables:
JAVA_HOME=C:\Program Files\Java\jdk1.8.0_66
CLASSPATH=H:\COURSERA\FULL STACK WEB DEVELOPMENT COURSE\CAPSTONE PROJECT\Capstone Project\watchours-ionic\watchours\platforms\android\\gradle\wrapper\gradle-wrapper.jar
USERNAME=RIL
OS=Windows_NT
PROCESSOR_IDENTIFIER=Intel64 Family 6 Model 61 Stepping 4, GenuineIntel



---------------  S Y S T E M  ---------------

OS: Windows 10.0 , 64 bit Build 15063 (10.0.15063.296)

CPU:total 4 (2 cores per cpu, 2 threads per core) family 6 model 61 stepping 4, cmov, cx8, fxsr, mmx, sse, sse2, sse3, ssse3, sse4.1, sse4.2, popcnt, avx, avx2, aes, clmul, erms, 3dnowpref, lzcnt, ht, tsc, tscinvbit, bmi1, bmi2, adx

Memory: 4k page, physical 4107660k(459984k free), swap 5538188k(4084k free)

vm_info: Java HotSpot(TM) 64-Bit Server VM (25.66-b18) for windows-amd64 JRE (1.8.0_66-b18), built on Nov  9 2015 10:51:13 by "java_re" with MS VC++ 10.0 (VS2010)

time: Wed Aug 16 20:00:40 2017
elapsed time: 0 seconds (0d 0h 0m 0s)

