#
# There is insufficient memory for the Java Runtime Environment to continue.
# Native memory allocation (malloc) failed to allocate 723376 bytes for Chunk::new
# Possible reasons:
#   The system is out of physical RAM or swap space
#   In 32 bit mode, the process size limit was hit
# Possible solutions:
#   Reduce memory load on the system
#   Increase physical memory or swap space
#   Check if swap backing store is full
#   Use 64 bit Java on a 64 bit OS
#   Decrease Java heap size (-Xmx/-Xms)
#   Decrease number of Java threads
#   Decrease Java thread stack sizes (-Xss)
#   Set larger code cache with -XX:ReservedCodeCacheSize=
# This output file may be truncated or incomplete.
#
#  Out of Memory Error (allocation.cpp:390), pid=11412, tid=2192
#
# JRE version: Java(TM) SE Runtime Environment (8.0_66-b18) (build 1.8.0_66-b18)
# Java VM: Java HotSpot(TM) 64-Bit Server VM (25.66-b18 mixed mode windows-amd64 compressed oops)
# Failed to write core dump. Minidumps are not enabled by default on client versions of Windows
#

---------------  T H R E A D  ---------------

Current thread (0x0000000019384000):  JavaThread "C2 CompilerThread1" daemon [_thread_in_native, id=2192, stack(0x000000001aad0000,0x000000001abd0000)]

Stack: [0x000000001aad0000,0x000000001abd0000]
[error occurred during error reporting (printing stack bounds), id 0xc0000005]

Native frames: (J=compiled Java code, j=interpreted, Vv=VM code, C=native code)


Current CompileTask:
C2:  18008 4938       4       com.sun.beans.TypeResolver::resolve (37 bytes)


---------------  P R O C E S S  ---------------

Java Threads: ( => current thread )
  0x000000001ca33000 JavaThread "File lock request listener" [_thread_in_native, id=2284, stack(0x000000001ed10000,0x000000001ee10000)]
  0x000000001c522000 JavaThread "Stdin handler" [_thread_blocked, id=5628, stack(0x000000001ea10000,0x000000001eb10000)]
  0x000000001c371000 JavaThread "Asynchronous log dispatcher for DefaultDaemonConnection: socket connection from /127.0.0.1:42552 to /127.0.0.1:42553" [_thread_blocked, id=14292, stack(0x000000001e910000,0x000000001ea10000)]
  0x000000001c52c800 JavaThread "Daemon worker" [_thread_in_vm, id=9816, stack(0x000000001e810000,0x000000001e910000)]
  0x000000001c10c800 JavaThread "Cancel handler" [_thread_blocked, id=8248, stack(0x000000001e710000,0x000000001e810000)]
  0x000000001c291000 JavaThread "Handler for socket connection from /127.0.0.1:42552 to /127.0.0.1:42553" [_thread_in_native, id=7680, stack(0x000000001e610000,0x000000001e710000)]
  0x000000001c290000 JavaThread "Daemon" [_thread_blocked, id=9304, stack(0x000000001e510000,0x000000001e610000)]
  0x000000001bedf800 JavaThread "Incoming local TCP Connector on port 42552" [_thread_in_native, id=5244, stack(0x000000001e0d0000,0x000000001e1d0000)]
  0x000000001c2ee800 JavaThread "pool-1-thread-1" [_thread_blocked, id=6176, stack(0x000000001da70000,0x000000001db70000)]
  0x000000001acf8800 JavaThread "Service Thread" daemon [_thread_blocked, id=5540, stack(0x000000001b0d0000,0x000000001b1d0000)]
  0x000000001938b000 JavaThread "C1 CompilerThread2" daemon [_thread_blocked, id=4544, stack(0x000000001abd0000,0x000000001acd0000)]
=>0x0000000019384000 JavaThread "C2 CompilerThread1" daemon [_thread_in_native, id=2192, stack(0x000000001aad0000,0x000000001abd0000)]
  0x000000001937e800 JavaThread "C2 CompilerThread0" daemon [_thread_in_native, id=14660, stack(0x000000001a9d0000,0x000000001aad0000)]
  0x000000001937c800 JavaThread "Attach Listener" daemon [_thread_blocked, id=9680, stack(0x000000001a8d0000,0x000000001a9d0000)]
  0x000000001937b000 JavaThread "Signal Dispatcher" daemon [_thread_blocked, id=7392, stack(0x000000001a7d0000,0x000000001a8d0000)]
  0x0000000004757800 JavaThread "Finalizer" daemon [_thread_blocked, id=8852, stack(0x000000001a5e0000,0x000000001a6e0000)]
  0x000000000474e800 JavaThread "Reference Handler" daemon [_thread_blocked, id=15128, stack(0x000000001a4e0000,0x000000001a5e0000)]
  0x000000000461e800 JavaThread "main" [_thread_blocked, id=3620, stack(0x00000000044b0000,0x00000000045b0000)]

Other Threads:
  0x0000000019348800 VMThread [stack: 0x000000001a3e0000,0x000000001a4e0000] [id=11384]
  0x000000001ad16000 WatcherThread [stack: 0x000000001b1d0000,0x000000001b2d0000] [id=1272]

VM state:not at safepoint (normal execution)

VM Mutex/Monitor currently owned by a thread: None

Heap:
 PSYoungGen      total 92672K, used 17338K [0x00000000d5580000, 0x00000000dc000000, 0x0000000100000000)
  eden space 84480K, 10% used [0x00000000d5580000,0x00000000d5e72ad8,0x00000000da800000)
  from space 8192K, 99% used [0x00000000db800000,0x00000000dbffc038,0x00000000dc000000)
  to   space 12288K, 0% used [0x00000000da800000,0x00000000da800000,0x00000000db400000)
 ParOldGen       total 62976K, used 21866K [0x0000000080000000, 0x0000000083d80000, 0x00000000d5580000)
  object space 62976K, 34% used [0x0000000080000000,0x000000008155a9c0,0x0000000083d80000)
 Metaspace       used 44436K, capacity 45554K, committed 45992K, reserved 1089536K
  class space    used 6141K, capacity 6441K, committed 6568K, reserved 1048576K

Card table byte_map: [0x0000000013b20000,0x0000000013f30000] byte_map_base: 0x0000000013720000

Marking Bits: (ParMarkBitMap*) 0x000000005237a5b0
 Begin Bits: [0x00000000145e0000, 0x00000000165e0000)
 End Bits:   [0x00000000165e0000, 0x00000000185e0000)

Polling page: 0x00000000045b0000

CodeCache: size=245760Kb used=16107Kb max_used=16117Kb free=229652Kb
 bounds [0x0000000004760000, 0x0000000005730000, 0x0000000013760000]
 total_blobs=5325 nmethods=4609 adapters=627
 compilation: enabled

Compilation events (10 events):
Event: 17.970 Thread 0x000000001938b000 4976       3       groovy.lang.MetaClassImpl::pickMethod (12 bytes)
Event: 17.971 Thread 0x000000001938b000 nmethod 4976 0x0000000004cbfad0 code [0x0000000004cbfc80, 0x0000000004cc0448]
Event: 17.971 Thread 0x000000001938b000 4977       3       groovy.lang.MetaClassImpl::getMethodWithoutCaching (34 bytes)
Event: 17.972 Thread 0x000000001938b000 nmethod 4977 0x0000000004f761d0 code [0x0000000004f76380, 0x0000000004f76a48]
Event: 17.986 Thread 0x000000001938b000 4980       2       com.google.common.collect.LinkedHashMultimap::get (6 bytes)
Event: 17.986 Thread 0x000000001938b000 nmethod 4980 0x0000000004cbf450 code [0x0000000004cbf5e0, 0x0000000004cbf8e8]
Event: 17.986 Thread 0x000000001938b000 4981       2       com.google.common.collect.AbstractSetMultimap::get (9 bytes)
Event: 17.987 Thread 0x000000001938b000 nmethod 4981 0x0000000004cde950 code [0x0000000004cdeae0, 0x0000000004cded88]
Event: 17.987 Thread 0x000000001938b000 4982       2       com.google.common.collect.AbstractMapBasedMultimap::get (31 bytes)
Event: 17.988 Thread 0x000000001938b000 nmethod 4982 0x0000000004cde490 code [0x0000000004cde620, 0x0000000004cde868]

GC Heap History (10 events):
Event: 11.656 GC heap before
{Heap before GC invocations=10 (full 1):
 PSYoungGen      total 77824K, used 44267K [0x00000000d5580000, 0x00000000db100000, 0x0000000100000000)
  eden space 67072K, 54% used [0x00000000d5580000,0x00000000d78f8ed0,0x00000000d9700000)
  from space 10752K, 73% used [0x00000000da180000,0x00000000da942050,0x00000000dac00000)
  to   space 10752K, 0% used [0x00000000d9700000,0x00000000d9700000,0x00000000da180000)
 ParOldGen       total 62976K, used 7562K [0x0000000080000000, 0x0000000083d80000, 0x00000000d5580000)
  object space 62976K, 12% used [0x0000000080000000,0x0000000080762908,0x0000000083d80000)
 Metaspace       used 34800K, capacity 35378K, committed 35496K, reserved 1079296K
  class space    used 4850K, capacity 5012K, committed 5032K, reserved 1048576K
Event: 11.674 GC heap after
Heap after GC invocations=10 (full 1):
 PSYoungGen      total 77824K, used 10728K [0x00000000d5580000, 0x00000000dc480000, 0x0000000100000000)
  eden space 67072K, 0% used [0x00000000d5580000,0x00000000d5580000,0x00000000d9700000)
  from space 10752K, 99% used [0x00000000d9700000,0x00000000da17a238,0x00000000da180000)
  to   space 12800K, 0% used [0x00000000db800000,0x00000000db800000,0x00000000dc480000)
 ParOldGen       total 62976K, used 8610K [0x0000000080000000, 0x0000000083d80000, 0x00000000d5580000)
  object space 62976K, 13% used [0x0000000080000000,0x0000000080868850,0x0000000083d80000)
 Metaspace       used 34800K, capacity 35378K, committed 35496K, reserved 1079296K
  class space    used 4850K, capacity 5012K, committed 5032K, reserved 1048576K
}
Event: 11.675 GC heap before
{Heap before GC invocations=11 (full 2):
 PSYoungGen      total 77824K, used 10728K [0x00000000d5580000, 0x00000000dc480000, 0x0000000100000000)
  eden space 67072K, 0% used [0x00000000d5580000,0x00000000d5580000,0x00000000d9700000)
  from space 10752K, 99% used [0x00000000d9700000,0x00000000da17a238,0x00000000da180000)
  to   space 12800K, 0% used [0x00000000db800000,0x00000000db800000,0x00000000dc480000)
 ParOldGen       total 62976K, used 8610K [0x0000000080000000, 0x0000000083d80000, 0x00000000d5580000)
  object space 62976K, 13% used [0x0000000080000000,0x0000000080868850,0x0000000083d80000)
 Metaspace       used 34800K, capacity 35378K, committed 35496K, reserved 1079296K
  class space    used 4850K, capacity 5012K, committed 5032K, reserved 1048576K
Event: 11.808 GC heap after
Heap after GC invocations=11 (full 2):
 PSYoungGen      total 77824K, used 0K [0x00000000d5580000, 0x00000000dc480000, 0x0000000100000000)
  eden space 67072K, 0% used [0x00000000d5580000,0x00000000d5580000,0x00000000d9700000)
  from space 10752K, 0% used [0x00000000d9700000,0x00000000d9700000,0x00000000da180000)
  to   space 12800K, 0% used [0x00000000db800000,0x00000000db800000,0x00000000dc480000)
 ParOldGen       total 62976K, used 17861K [0x0000000080000000, 0x0000000083d80000, 0x00000000d5580000)
  object space 62976K, 28% used [0x0000000080000000,0x0000000081171760,0x0000000083d80000)
 Metaspace       used 34800K, capacity 35378K, committed 35496K, reserved 1079296K
  class space    used 4850K, capacity 5012K, committed 5032K, reserved 1048576K
}
Event: 14.221 GC heap before
{Heap before GC invocations=12 (full 2):
 PSYoungGen      total 77824K, used 67072K [0x00000000d5580000, 0x00000000dc480000, 0x0000000100000000)
  eden space 67072K, 100% used [0x00000000d5580000,0x00000000d9700000,0x00000000d9700000)
  from space 10752K, 0% used [0x00000000d9700000,0x00000000d9700000,0x00000000da180000)
  to   space 12800K, 0% used [0x00000000db800000,0x00000000db800000,0x00000000dc480000)
 ParOldGen       total 62976K, used 17861K [0x0000000080000000, 0x0000000083d80000, 0x00000000d5580000)
  object space 62976K, 28% used [0x0000000080000000,0x0000000081171760,0x0000000083d80000)
 Metaspace       used 41187K, capacity 42144K, committed 42408K, reserved 1085440K
  class space    used 5737K, capacity 5976K, committed 6056K, reserved 1048576K
Event: 14.228 GC heap after
Heap after GC invocations=12 (full 2):
 PSYoungGen      total 92672K, used 6748K [0x00000000d5580000, 0x00000000dc000000, 0x0000000100000000)
  eden space 84480K, 0% used [0x00000000d5580000,0x00000000d5580000,0x00000000da800000)
  from space 8192K, 82% used [0x00000000db800000,0x00000000dbe97228,0x00000000dc000000)
  to   space 12288K, 0% used [0x00000000da800000,0x00000000da800000,0x00000000db400000)
 ParOldGen       total 62976K, used 17869K [0x0000000080000000, 0x0000000083d80000, 0x00000000d5580000)
  object space 62976K, 28% used [0x0000000080000000,0x0000000081173760,0x0000000083d80000)
 Metaspace       used 41187K, capacity 42144K, committed 42408K, reserved 1085440K
  class space    used 5737K, capacity 5976K, committed 6056K, reserved 1048576K
}
Event: 14.736 GC heap before
{Heap before GC invocations=13 (full 2):
 PSYoungGen      total 92672K, used 91228K [0x00000000d5580000, 0x00000000dc000000, 0x0000000100000000)
  eden space 84480K, 100% used [0x00000000d5580000,0x00000000da800000,0x00000000da800000)
  from space 8192K, 82% used [0x00000000db800000,0x00000000dbe97228,0x00000000dc000000)
  to   space 12288K, 0% used [0x00000000da800000,0x00000000da800000,0x00000000db400000)
 ParOldGen       total 62976K, used 17869K [0x0000000080000000, 0x0000000083d80000, 0x00000000d5580000)
  object space 62976K, 28% used [0x0000000080000000,0x0000000081173760,0x0000000083d80000)
 Metaspace       used 41595K, capacity 42548K, committed 42664K, reserved 1085440K
  class space    used 5747K, capacity 5978K, committed 6056K, reserved 1048576K
Event: 14.745 GC heap after
Heap after GC invocations=13 (full 2):
 PSYoungGen      total 96768K, used 7920K [0x00000000d5580000, 0x00000000dc000000, 0x0000000100000000)
  eden space 84480K, 0% used [0x00000000d5580000,0x00000000d5580000,0x00000000da800000)
  from space 12288K, 64% used [0x00000000da800000,0x00000000dafbc038,0x00000000db400000)
  to   space 8192K, 0% used [0x00000000db800000,0x00000000db800000,0x00000000dc000000)
 ParOldGen       total 62976K, used 17877K [0x0000000080000000, 0x0000000083d80000, 0x00000000d5580000)
  object space 62976K, 28% used [0x0000000080000000,0x0000000081175760,0x0000000083d80000)
 Metaspace       used 41595K, capacity 42548K, committed 42664K, reserved 1085440K
  class space    used 5747K, capacity 5978K, committed 6056K, reserved 1048576K
}
Event: 17.882 GC heap before
{Heap before GC invocations=14 (full 2):
 PSYoungGen      total 96768K, used 92400K [0x00000000d5580000, 0x00000000dc000000, 0x0000000100000000)
  eden space 84480K, 100% used [0x00000000d5580000,0x00000000da800000,0x00000000da800000)
  from space 12288K, 64% used [0x00000000da800000,0x00000000dafbc038,0x00000000db400000)
  to   space 8192K, 0% used [0x00000000db800000,0x00000000db800000,0x00000000dc000000)
 ParOldGen       total 62976K, used 17877K [0x0000000080000000, 0x0000000083d80000, 0x00000000d5580000)
  object space 62976K, 28% used [0x0000000080000000,0x0000000081175760,0x0000000083d80000)
 Metaspace       used 44074K, capacity 45228K, committed 45352K, reserved 1087488K
  class space    used 6077K, capacity 6376K, committed 6440K, reserved 1048576K
Event: 17.902 GC heap after
Heap after GC invocations=14 (full 2):
 PSYoungGen      total 92672K, used 8176K [0x00000000d5580000, 0x00000000dc000000, 0x0000000100000000)
  eden space 84480K, 0% used [0x00000000d5580000,0x00000000d5580000,0x00000000da800000)
  from space 8192K, 99% used [0x00000000db800000,0x00000000dbffc038,0x00000000dc000000)
  to   space 12288K, 0% used [0x00000000da800000,0x00000000da800000,0x00000000db400000)
 ParOldGen       total 62976K, used 21866K [0x0000000080000000, 0x0000000083d80000, 0x00000000d5580000)
  object space 62976K, 34% used [0x0000000080000000,0x000000008155a9c0,0x0000000083d80000)
 Metaspace       used 44074K, capacity 45228K, committed 45352K, reserved 1087488K
  class space    used 6077K, capacity 6376K, committed 6440K, reserved 1048576K
}

Deoptimization events (10 events):
Event: 17.555 Thread 0x000000001c52c800 Uncommon trap: reason=bimorphic action=maybe_recompile pc=0x00000000050aeefc method=java.util.Arrays.binarySearch0([Ljava/lang/Object;IILjava/lang/Object;Ljava/util/Comparator;)I @ 48
Event: 17.555 Thread 0x000000001c52c800 Uncommon trap: reason=bimorphic action=maybe_recompile pc=0x00000000050aeefc method=java.util.Arrays.binarySearch0([Ljava/lang/Object;IILjava/lang/Object;Ljava/util/Comparator;)I @ 48
Event: 17.555 Thread 0x000000001c52c800 Uncommon trap: reason=bimorphic action=maybe_recompile pc=0x00000000050aeefc method=java.util.Arrays.binarySearch0([Ljava/lang/Object;IILjava/lang/Object;Ljava/util/Comparator;)I @ 48
Event: 17.555 Thread 0x000000001c52c800 Uncommon trap: reason=bimorphic action=maybe_recompile pc=0x00000000050aeefc method=java.util.Arrays.binarySearch0([Ljava/lang/Object;IILjava/lang/Object;Ljava/util/Comparator;)I @ 48
Event: 17.555 Thread 0x000000001c52c800 Uncommon trap: reason=unstable_if action=reinterpret pc=0x0000000004eae608 method=groovy.lang.MetaClassImpl$1MOPIter.methodNameAction(Ljava/lang/Class;Lorg/codehaus/groovy/runtime/metaclass/MetaMethodIndex$Entry;)V @ 354
Event: 17.569 Thread 0x000000001c52c800 Uncommon trap: reason=unstable_if action=reinterpret pc=0x0000000004eb4170 method=java.security.SecureClassLoader.getProtectionDomain(Ljava/security/CodeSource;)Ljava/security/ProtectionDomain; @ 1
Event: 17.657 Thread 0x000000001c52c800 Uncommon trap: reason=unstable_if action=reinterpret pc=0x00000000052bef48 method=groovy.lang.MetaClassImpl.checkIfStdMethod(Lgroovy/lang/MetaMethod;)V @ 78
Event: 17.748 Thread 0x000000001c52c800 Uncommon trap: reason=bimorphic action=maybe_recompile pc=0x00000000051367c4 method=java.util.LinkedHashMap.afterNodeInsertion(Z)V @ 15
Event: 17.848 Thread 0x000000001c52c800 Uncommon trap: reason=unstable_if action=reinterpret pc=0x0000000005723760 method=org.codehaus.groovy.runtime.metaclass.MetaMethodIndex.copyNonPrivateNonNewMetaMethods(Lorg/codehaus/groovy/runtime/metaclass/MetaMethodIndex$Entry;Lorg/codehaus/groovy/runtim
Event: 17.936 Thread 0x000000001c52c800 Uncommon trap: reason=unstable_if action=reinterpret pc=0x0000000005624dd0 method=java.util.TreeMap.put(Ljava/lang/Object;Ljava/lang/Object;)Ljava/lang/Object; @ 163

Internal exceptions (10 events):
Event: 17.942 Thread 0x000000001c52c800 Exception <a 'java/lang/ClassNotFoundException': org/apache/maven/model/ModelBaseCustomizer> (0x00000000d58805a8) thrown at [C:\re\workspace\8-2-build-windows-amd64-cygwin\jdk8u66\5298\hotspot\src\share\vm\classfile\systemDictionary.cpp, line 210]
Event: 17.944 Thread 0x000000001c52c800 Exception <a 'java/lang/ClassNotFoundException': org/apache/maven/model/ModelCustomizer> (0x00000000d58ce240) thrown at [C:\re\workspace\8-2-build-windows-amd64-cygwin\jdk8u66\5298\hotspot\src\share\vm\classfile\systemDictionary.cpp, line 210]
Event: 17.953 Thread 0x000000001c52c800 Exception <a 'java/lang/ClassNotFoundException': org/apache/maven/model/LicenseBeanInfo> (0x00000000d59d1b90) thrown at [C:\re\workspace\8-2-build-windows-amd64-cygwin\jdk8u66\5298\hotspot\src\share\vm\classfile\systemDictionary.cpp, line 210]
Event: 17.954 Thread 0x000000001c52c800 Exception <a 'java/lang/ClassNotFoundException': org/apache/maven/model/LicenseCustomizer> (0x00000000d59fc718) thrown at [C:\re\workspace\8-2-build-windows-amd64-cygwin\jdk8u66\5298\hotspot\src\share\vm\classfile\systemDictionary.cpp, line 210]
Event: 17.961 Thread 0x000000001c52c800 Exception <a 'java/lang/ClassNotFoundException': org/apache/maven/model/DeveloperBeanInfo> (0x00000000d5ab4448) thrown at [C:\re\workspace\8-2-build-windows-amd64-cygwin\jdk8u66\5298\hotspot\src\share\vm\classfile\systemDictionary.cpp, line 210]
Event: 17.961 Thread 0x000000001c52c800 Exception <a 'java/lang/ClassNotFoundException': org/apache/maven/model/ContributorBeanInfo> (0x00000000d5ae0020) thrown at [C:\re\workspace\8-2-build-windows-amd64-cygwin\jdk8u66\5298\hotspot\src\share\vm\classfile\systemDictionary.cpp, line 210]
Event: 17.962 Thread 0x000000001c52c800 Exception <a 'java/lang/ClassNotFoundException': org/apache/maven/model/ContributorCustomizer> (0x00000000d5b0d660) thrown at [C:\re\workspace\8-2-build-windows-amd64-cygwin\jdk8u66\5298\hotspot\src\share\vm\classfile\systemDictionary.cpp, line 210]
Event: 17.963 Thread 0x000000001c52c800 Exception <a 'java/lang/ClassNotFoundException': org/apache/maven/model/DeveloperCustomizer> (0x00000000d5b4f010) thrown at [C:\re\workspace\8-2-build-windows-amd64-cygwin\jdk8u66\5298\hotspot\src\share\vm\classfile\systemDictionary.cpp, line 210]
Event: 17.967 Thread 0x000000001c52c800 Exception <a 'java/lang/ClassNotFoundException': org/apache/maven/model/ScmBeanInfo> (0x00000000d5bc49c8) thrown at [C:\re\workspace\8-2-build-windows-amd64-cygwin\jdk8u66\5298\hotspot\src\share\vm\classfile\systemDictionary.cpp, line 210]
Event: 17.968 Thread 0x000000001c52c800 Exception <a 'java/lang/ClassNotFoundException': org/apache/maven/model/ScmCustomizer> (0x00000000d5bed238) thrown at [C:\re\workspace\8-2-build-windows-amd64-cygwin\jdk8u66\5298\hotspot\src\share\vm\classfile\systemDictionary.cpp, line 210]

Events (10 events):
Event: 17.997 loading class org/gradle/api/java/archives/internal/DefaultManifest
Event: 17.997 loading class org/gradle/api/java/archives/internal/DefaultManifest done
Event: 17.998 loading class org/gradle/api/java/archives/internal/ManifestInternal
Event: 17.998 loading class org/gradle/api/java/archives/internal/ManifestInternal done
Event: 17.999 loading class org/gradle/api/java/archives/Attributes
Event: 17.999 loading class org/gradle/api/java/archives/Attributes done
Event: 18.000 loading class org/gradle/api/java/archives/internal/DefaultAttributes
Event: 18.000 loading class org/gradle/api/java/archives/internal/DefaultAttributes done
Event: 18.001 loading class org/gradle/api/java/archives/ManifestException
Event: 18.001 loading class org/gradle/api/java/archives/ManifestException done


Dynamic libraries:
0x00007ff7d20d0000 - 0x00007ff7d2107000 	C:\Program Files\Java\jdk1.8.0_66\bin\java.exe
0x00007ffff3860000 - 0x00007ffff3a40000 	C:\WINDOWS\SYSTEM32\ntdll.dll
0x00007ffff0d90000 - 0x00007ffff0e3e000 	C:\WINDOWS\System32\KERNEL32.DLL
0x00007fffeff30000 - 0x00007ffff0196000 	C:\WINDOWS\System32\KERNELBASE.dll
0x00007ffff1140000 - 0x00007ffff11e1000 	C:\WINDOWS\System32\ADVAPI32.dll
0x00007ffff3790000 - 0x00007ffff382d000 	C:\WINDOWS\System32\msvcrt.dll
0x00007ffff0d30000 - 0x00007ffff0d8b000 	C:\WINDOWS\System32\sechost.dll
0x00007ffff0f10000 - 0x00007ffff102f000 	C:\WINDOWS\System32\RPCRT4.dll
0x00007ffff3460000 - 0x00007ffff35ee000 	C:\WINDOWS\System32\USER32.dll
0x00007ffff01a0000 - 0x00007ffff01c0000 	C:\WINDOWS\System32\win32u.dll
0x00007ffff10a0000 - 0x00007ffff10c8000 	C:\WINDOWS\System32\GDI32.dll
0x00007ffff01c0000 - 0x00007ffff0354000 	C:\WINDOWS\System32\gdi32full.dll
0x00007fffefe90000 - 0x00007fffeff2b000 	C:\WINDOWS\System32\msvcp_win.dll
0x00007fffefd90000 - 0x00007fffefe86000 	C:\WINDOWS\System32\ucrtbase.dll
0x00007fffe2120000 - 0x00007fffe2389000 	C:\WINDOWS\WinSxS\amd64_microsoft.windows.common-controls_6595b64144ccf1df_6.0.16299.19_none_cc92fab02215da61\COMCTL32.dll
0x00007ffff3150000 - 0x00007ffff3458000 	C:\WINDOWS\System32\combase.dll
0x00007fffefc60000 - 0x00007fffefcd2000 	C:\WINDOWS\System32\bcryptPrimitives.dll
0x00007ffff1490000 - 0x00007ffff14bd000 	C:\WINDOWS\System32\IMM32.DLL
0x0000000052400000 - 0x00000000524d2000 	C:\Program Files\Java\jdk1.8.0_66\jre\bin\msvcr100.dll
0x0000000051b70000 - 0x00000000523f9000 	C:\Program Files\Java\jdk1.8.0_66\jre\bin\server\jvm.dll
0x00007ffff12f0000 - 0x00007ffff12f8000 	C:\WINDOWS\System32\PSAPI.DLL
0x00007fffe3470000 - 0x00007fffe347a000 	C:\WINDOWS\SYSTEM32\VERSION.dll
0x00007fffebfd0000 - 0x00007fffebff3000 	C:\WINDOWS\SYSTEM32\WINMM.dll
0x00007fffee9c0000 - 0x00007fffee9c9000 	C:\WINDOWS\SYSTEM32\WSOCK32.dll
0x00007ffff1030000 - 0x00007ffff109c000 	C:\WINDOWS\System32\WS2_32.dll
0x00007fffebf10000 - 0x00007fffebf3a000 	C:\WINDOWS\SYSTEM32\winmmbase.dll
0x00007fffefd40000 - 0x00007fffefd8a000 	C:\WINDOWS\System32\cfgmgr32.dll
0x0000000054430000 - 0x000000005443f000 	C:\Program Files\Java\jdk1.8.0_66\jre\bin\verify.dll
0x0000000051b40000 - 0x0000000051b69000 	C:\Program Files\Java\jdk1.8.0_66\jre\bin\java.dll
0x0000000054410000 - 0x0000000054426000 	C:\Program Files\Java\jdk1.8.0_66\jre\bin\zip.dll
0x00007ffff1a20000 - 0x00007ffff2e57000 	C:\WINDOWS\System32\SHELL32.dll
0x00007ffff1520000 - 0x00007ffff15c6000 	C:\WINDOWS\System32\shcore.dll
0x00007ffff0410000 - 0x00007ffff0b57000 	C:\WINDOWS\System32\windows.storage.dll
0x00007ffff10d0000 - 0x00007ffff1121000 	C:\WINDOWS\System32\shlwapi.dll
0x00007fffefc40000 - 0x00007fffefc51000 	C:\WINDOWS\System32\kernel.appcore.dll
0x00007fffefbb0000 - 0x00007fffefbfc000 	C:\WINDOWS\System32\powrprof.dll
0x00007fffefc00000 - 0x00007fffefc1b000 	C:\WINDOWS\System32\profapi.dll
0x0000000051b20000 - 0x0000000051b3a000 	C:\Program Files\Java\jdk1.8.0_66\jre\bin\net.dll
0x00007fffef440000 - 0x00007fffef4a6000 	C:\WINDOWS\system32\mswsock.dll
0x0000000051b00000 - 0x0000000051b11000 	C:\Program Files\Java\jdk1.8.0_66\jre\bin\nio.dll
0x00007fffe9e80000 - 0x00007fffe9e9e000 	C:\Users\RIL\.gradle\native\23\windows-amd64\native-platform.dll
0x00007fffef610000 - 0x00007fffef627000 	C:\WINDOWS\SYSTEM32\CRYPTSP.dll
0x00007fffeeff0000 - 0x00007fffef023000 	C:\WINDOWS\system32\rsaenh.dll
0x00007fffef710000 - 0x00007fffef735000 	C:\WINDOWS\SYSTEM32\bcrypt.dll
0x00007fffefae0000 - 0x00007fffefb09000 	C:\WINDOWS\SYSTEM32\USERENV.dll
0x00007fffef600000 - 0x00007fffef60b000 	C:\WINDOWS\SYSTEM32\CRYPTBASE.dll
0x00007fffef170000 - 0x00007fffef1a9000 	C:\WINDOWS\SYSTEM32\IPHLPAPI.DLL
0x00007ffff1130000 - 0x00007ffff1138000 	C:\WINDOWS\System32\NSI.dll
0x00007fffe8fa0000 - 0x00007fffe8fb6000 	C:\WINDOWS\SYSTEM32\dhcpcsvc6.DLL
0x00007fffe9770000 - 0x00007fffe978a000 	C:\WINDOWS\SYSTEM32\dhcpcsvc.DLL
0x0000000051af0000 - 0x0000000051afd000 	C:\Program Files\Java\jdk1.8.0_66\jre\bin\management.dll

VM Arguments:
jvm_args: -Xmx2048m -Dfile.encoding=windows-1252 -Duser.country=IN -Duser.language=en -Duser.variant 
java_command: org.gradle.launcher.daemon.bootstrap.GradleDaemon 3.3
java_class_path (initial): C:\Users\RIL\.gradle\wrapper\dists\gradle-3.3-all\55gk2rcmfc6p2dg9u9ohc3hw9\gradle-3.3\lib\gradle-launcher-3.3.jar
Launcher Type: SUN_STANDARD

Environment Variables:
JAVA_HOME=C:\Program Files\Java\jdk1.8.0_66
CLASSPATH=H:\watchHours-ionic\platforms\android\\gradle\wrapper\gradle-wrapper.jar
USERNAME=MANOJ
OS=Windows_NT
PROCESSOR_IDENTIFIER=Intel64 Family 6 Model 61 Stepping 4, GenuineIntel



---------------  S Y S T E M  ---------------

OS: Windows 10.0 , 64 bit Build 16299 (10.0.16299.15)

CPU:total 4 (2 cores per cpu, 2 threads per core) family 6 model 61 stepping 4, cmov, cx8, fxsr, mmx, sse, sse2, sse3, ssse3, sse4.1, sse4.2, popcnt, avx, avx2, aes, clmul, erms, 3dnowpref, lzcnt, ht, tsc, tscinvbit, bmi1, bmi2, adx

Memory: 4k page, physical 8301964k(2060332k free), swap 9732492k(6648k free)

vm_info: Java HotSpot(TM) 64-Bit Server VM (25.66-b18) for windows-amd64 JRE (1.8.0_66-b18), built on Nov  9 2015 10:51:13 by "java_re" with MS VC++ 10.0 (VS2010)

time: Wed Nov 15 18:20:03 2017
elapsed time: 18 seconds (0d 0h 0m 18s)

