#
# There is insufficient memory for the Java Runtime Environment to continue.
# Native memory allocation (malloc) failed to allocate 497376 bytes for Chunk::new
# Possible reasons:
#   The system is out of physical RAM or swap space
#   In 32 bit mode, the process size limit was hit
# Possible solutions:
#   Reduce memory load on the system
#   Increase physical memory or swap space
#   Check if swap backing store is full
#   Use 64 bit Java on a 64 bit OS
#   Decrease Java heap size (-Xmx/-Xms)
#   Decrease number of Java threads
#   Decrease Java thread stack sizes (-Xss)
#   Set larger code cache with -XX:ReservedCodeCacheSize=
# This output file may be truncated or incomplete.
#
#  Out of Memory Error (allocation.cpp:390), pid=9276, tid=4748
#
# JRE version: Java(TM) SE Runtime Environment (8.0_66-b18) (build 1.8.0_66-b18)
# Java VM: Java HotSpot(TM) 64-Bit Server VM (25.66-b18 mixed mode windows-amd64 compressed oops)
# Failed to write core dump. Minidumps are not enabled by default on client versions of Windows
#

---------------  T H R E A D  ---------------

Current thread (0x0000000019533000):  JavaThread "C2 CompilerThread1" daemon [_thread_in_native, id=4748, stack(0x000000001ab80000,0x000000001ac80000)]

Stack: [0x000000001ab80000,0x000000001ac80000]
[error occurred during error reporting (printing stack bounds), id 0xc0000005]

Native frames: (J=compiled Java code, j=interpreted, Vv=VM code, C=native code)


Current CompileTask:
C2:6009675 14695       4       java.io.PrintStream::print (13 bytes)


---------------  P R O C E S S  ---------------

Java Threads: ( => current thread )
  0x000000001c46c000 JavaThread "pool-31-thread-7" [_thread_blocked, id=12424, stack(0x000000002d100000,0x000000002d200000)]
  0x000000002014c800 JavaThread "pool-10-thread-4" [_thread_blocked, id=8312, stack(0x000000002a000000,0x000000002a100000)]
  0x000000002014b800 JavaThread "pool-10-thread-3" [_thread_blocked, id=13912, stack(0x0000000029f00000,0x000000002a000000)]
  0x0000000020144800 JavaThread "pool-10-thread-2" [_thread_blocked, id=2916, stack(0x0000000029e00000,0x0000000029f00000)]
  0x000000002014b000 JavaThread "pool-10-thread-1" [_thread_blocked, id=1452, stack(0x0000000029d00000,0x0000000029e00000)]
  0x0000000020144000 JavaThread "pool-3-thread-4" [_thread_blocked, id=916, stack(0x0000000026700000,0x0000000026800000)]
  0x0000000020142800 JavaThread "pool-3-thread-3" [_thread_blocked, id=15176, stack(0x0000000026600000,0x0000000026700000)]
  0x0000000020148000 JavaThread "pool-3-thread-2" [_thread_blocked, id=9056, stack(0x0000000026500000,0x0000000026600000)]
  0x0000000020141800 JavaThread "pool-3-thread-1" [_thread_blocked, id=12932, stack(0x0000000026400000,0x0000000026500000)]
  0x000000001e4da000 JavaThread "Stdin handler" [_thread_blocked, id=7100, stack(0x0000000024730000,0x0000000024830000)]
  0x000000001e4d7800 JavaThread "Asynchronous log dispatcher for org.gradle.launcher.daemon.server.DefaultDaemonConnection@28e844f0" [_thread_blocked, id=1096, stack(0x0000000024630000,0x0000000024730000)]
  0x000000001e4dc000 JavaThread "Daemon worker Thread 2" [_thread_in_native, id=6876, stack(0x0000000024530000,0x0000000024630000)]
  0x000000001e4d7000 JavaThread "Cancel handler" [_thread_blocked, id=13704, stack(0x0000000024430000,0x0000000024530000)]
  0x000000001e4d9000 JavaThread "Handler for socket connection from /127.0.0.1:48078 to /127.0.0.1:57121" [_thread_in_native, id=13116, stack(0x0000000023cf0000,0x0000000023df0000)]
  0x000000001e4d5800 JavaThread "Daemon Thread 2" [_thread_blocked, id=15012, stack(0x0000000023960000,0x0000000023a60000)]
  0x000000001e4d6000 JavaThread "File lock request listener" [_thread_in_native, id=2688, stack(0x000000001f050000,0x000000001f150000)]
  0x000000001bf84000 JavaThread "Incoming local TCP Connector on port 48078" [_thread_in_native, id=13372, stack(0x000000001d040000,0x000000001d140000)]
  0x000000001c194000 JavaThread "pool-1-thread-1" [_thread_blocked, id=10412, stack(0x000000001cf40000,0x000000001d040000)]
  0x000000001adb9800 JavaThread "Service Thread" daemon [_thread_blocked, id=2744, stack(0x000000001b180000,0x000000001b280000)]
  0x0000000019536800 JavaThread "C1 CompilerThread2" daemon [_thread_blocked, id=9444, stack(0x000000001ac80000,0x000000001ad80000)]
=>0x0000000019533000 JavaThread "C2 CompilerThread1" daemon [_thread_in_native, id=4748, stack(0x000000001ab80000,0x000000001ac80000)]
  0x000000001952f800 JavaThread "C2 CompilerThread0" daemon [_thread_in_native, id=2584, stack(0x000000001aa80000,0x000000001ab80000)]
  0x000000001952d800 JavaThread "Attach Listener" daemon [_thread_blocked, id=5192, stack(0x000000001a980000,0x000000001aa80000)]
  0x000000001952c000 JavaThread "Signal Dispatcher" daemon [_thread_blocked, id=14252, stack(0x000000001a880000,0x000000001a980000)]
  0x0000000004907800 JavaThread "Finalizer" daemon [_thread_blocked, id=196, stack(0x000000001a780000,0x000000001a880000)]
  0x00000000194f9000 JavaThread "Reference Handler" daemon [_thread_blocked, id=14016, stack(0x000000001a680000,0x000000001a780000)]
  0x0000000004812800 JavaThread "main" [_thread_blocked, id=11444, stack(0x0000000004610000,0x0000000004710000)]

Other Threads:
  0x00000000194f7800 VMThread [stack: 0x000000001a580000,0x000000001a680000] [id=9204]
  0x000000001adcd800 WatcherThread [stack: 0x000000001b280000,0x000000001b380000] [id=7548]

VM state:not at safepoint (normal execution)

VM Mutex/Monitor currently owned by a thread: None

Heap:
 PSYoungGen      total 237568K, used 110653K [0x00000000d5580000, 0x00000000ec600000, 0x0000000100000000)
  eden space 168960K, 65% used [0x00000000d5580000,0x00000000dc18f4e8,0x00000000dfa80000)
  from space 68608K, 0% used [0x00000000dfa80000,0x00000000dfa80000,0x00000000e3d80000)
  to   space 72704K, 0% used [0x00000000e7f00000,0x00000000e7f00000,0x00000000ec600000)
 ParOldGen       total 97792K, used 66120K [0x0000000080000000, 0x0000000085f80000, 0x00000000d5580000)
  object space 97792K, 67% used [0x0000000080000000,0x0000000084092050,0x0000000085f80000)
 Metaspace       used 66084K, capacity 67760K, committed 68352K, reserved 1107968K
  class space    used 8451K, capacity 8820K, committed 8960K, reserved 1048576K

Card table byte_map: [0x0000000013cd0000,0x00000000140e0000] byte_map_base: 0x00000000138d0000

Marking Bits: (ParMarkBitMap*) 0x000000006fbca5b0
 Begin Bits: [0x0000000014790000, 0x0000000016790000)
 End Bits:   [0x0000000016790000, 0x0000000018790000)

Polling page: 0x0000000002d70000

CodeCache: size=245760Kb used=41888Kb max_used=42423Kb free=203871Kb
 bounds [0x0000000004910000, 0x00000000072c0000, 0x0000000013910000]
 total_blobs=12873 nmethods=12118 adapters=666
 compilation: enabled

Compilation events (10 events):
Event: 6008.265 Thread 0x0000000019533000 14691   !   4       java.io.PrintStream::write (69 bytes)
Event: 6008.266 Thread 0x0000000019536800 nmethod 14690 0x0000000006d9df50 code [0x0000000006d9e3e0, 0x0000000006da0f48]
Event: 6008.267 Thread 0x0000000019536800 14693       3       sun.nio.cs.StreamEncoder::implWrite (156 bytes)
Event: 6008.269 Thread 0x0000000019536800 nmethod 14693 0x00000000060b7490 code [0x00000000060b7700, 0x00000000060b8568]
Event: 6008.274 Thread 0x0000000019533000 nmethod 14691 0x0000000006ce7ed0 code [0x0000000006ce8060, 0x0000000006ce87f8]
Event: 6008.274 Thread 0x0000000019533000 14692   !   4       sun.nio.cs.StreamEncoder::flushBuffer (42 bytes)
Event: 6008.289 Thread 0x0000000019533000 nmethod 14692 0x0000000006ce4fd0 code [0x0000000006ce5180, 0x0000000006ce5e38]
Event: 6008.296 Thread 0x0000000019533000 14694       4       com.google.common.collect.AbstractIterator::hasNext (65 bytes)
Event: 6008.299 Thread 0x0000000019533000 nmethod 14694 0x0000000006def150 code [0x0000000006def2c0, 0x0000000006def518]
Event: 6008.320 Thread 0x0000000019533000 14695       4       java.io.PrintStream::print (13 bytes)

GC Heap History (10 events):
Event: 6000.039 GC heap before
{Heap before GC invocations=26 (full 3):
 PSYoungGen      total 180736K, used 162537K [0x00000000d5580000, 0x00000000e3e80000, 0x0000000100000000)
  eden space 129024K, 100% used [0x00000000d5580000,0x00000000dd380000,0x00000000dd380000)
  from space 51712K, 64% used [0x00000000e0780000,0x00000000e283a4c8,0x00000000e3a00000)
  to   space 53248K, 0% used [0x00000000dd380000,0x00000000dd380000,0x00000000e0780000)
 ParOldGen       total 97792K, used 66776K [0x0000000080000000, 0x0000000085f80000, 0x00000000d5580000)
  object space 97792K, 68% used [0x0000000080000000,0x0000000084136258,0x0000000085f80000)
 Metaspace       used 64869K, capacity 66770K, committed 66944K, reserved 1107968K
  class space    used 8343K, capacity 8782K, committed 8832K, reserved 1048576K
Event: 6000.153 GC heap after
Heap after GC invocations=26 (full 3):
 PSYoungGen      total 182272K, used 49415K [0x00000000d5580000, 0x00000000e7880000, 0x0000000100000000)
  eden space 129024K, 0% used [0x00000000d5580000,0x00000000d5580000,0x00000000dd380000)
  from space 53248K, 92% used [0x00000000dd380000,0x00000000e03c1c98,0x00000000e0780000)
  to   space 60416K, 0% used [0x00000000e3d80000,0x00000000e3d80000,0x00000000e7880000)
 ParOldGen       total 97792K, used 68781K [0x0000000080000000, 0x0000000085f80000, 0x00000000d5580000)
  object space 97792K, 70% used [0x0000000080000000,0x000000008432b400,0x0000000085f80000)
 Metaspace       used 64869K, capacity 66770K, committed 66944K, reserved 1107968K
  class space    used 8343K, capacity 8782K, committed 8832K, reserved 1048576K
}
Event: 6000.703 GC heap before
{Heap before GC invocations=27 (full 3):
 PSYoungGen      total 182272K, used 178439K [0x00000000d5580000, 0x00000000e7880000, 0x0000000100000000)
  eden space 129024K, 100% used [0x00000000d5580000,0x00000000dd380000,0x00000000dd380000)
  from space 53248K, 92% used [0x00000000dd380000,0x00000000e03c1c98,0x00000000e0780000)
  to   space 60416K, 0% used [0x00000000e3d80000,0x00000000e3d80000,0x00000000e7880000)
 ParOldGen       total 97792K, used 68781K [0x0000000080000000, 0x0000000085f80000, 0x00000000d5580000)
  object space 97792K, 70% used [0x0000000080000000,0x000000008432b400,0x0000000085f80000)
 Metaspace       used 64897K, capacity 66770K, committed 66944K, reserved 1107968K
  class space    used 8344K, capacity 8782K, committed 8832K, reserved 1048576K
Event: 6000.822 GC heap after
Heap after GC invocations=27 (full 3):
 PSYoungGen      total 229376K, used 56916K [0x00000000d5580000, 0x00000000e8900000, 0x0000000100000000)
  eden space 168960K, 0% used [0x00000000d5580000,0x00000000d5580000,0x00000000dfa80000)
  from space 60416K, 94% used [0x00000000e3d80000,0x00000000e75152b0,0x00000000e7880000)
  to   space 68608K, 0% used [0x00000000dfa80000,0x00000000dfa80000,0x00000000e3d80000)
 ParOldGen       total 97792K, used 75786K [0x0000000080000000, 0x0000000085f80000, 0x00000000d5580000)
  object space 97792K, 77% used [0x0000000080000000,0x0000000084a02850,0x0000000085f80000)
 Metaspace       used 64897K, capacity 66770K, committed 66944K, reserved 1107968K
  class space    used 8344K, capacity 8782K, committed 8832K, reserved 1048576K
}
Event: 6001.576 GC heap before
{Heap before GC invocations=28 (full 3):
 PSYoungGen      total 229376K, used 225876K [0x00000000d5580000, 0x00000000e8900000, 0x0000000100000000)
  eden space 168960K, 100% used [0x00000000d5580000,0x00000000dfa80000,0x00000000dfa80000)
  from space 60416K, 94% used [0x00000000e3d80000,0x00000000e75152b0,0x00000000e7880000)
  to   space 68608K, 0% used [0x00000000dfa80000,0x00000000dfa80000,0x00000000e3d80000)
 ParOldGen       total 97792K, used 75786K [0x0000000080000000, 0x0000000085f80000, 0x00000000d5580000)
  object space 97792K, 77% used [0x0000000080000000,0x0000000084a02850,0x0000000085f80000)
 Metaspace       used 64918K, capacity 66898K, committed 67200K, reserved 1107968K
  class space    used 8344K, capacity 8782K, committed 8832K, reserved 1048576K
Event: 6001.673 GC heap after
Heap after GC invocations=28 (full 3):
 PSYoungGen      total 237568K, used 49639K [0x00000000d5580000, 0x00000000ec600000, 0x0000000100000000)
  eden space 168960K, 0% used [0x00000000d5580000,0x00000000d5580000,0x00000000dfa80000)
  from space 68608K, 72% used [0x00000000dfa80000,0x00000000e2af9ff8,0x00000000e3d80000)
  to   space 72704K, 0% used [0x00000000e7f00000,0x00000000e7f00000,0x00000000ec600000)
 ParOldGen       total 97792K, used 85445K [0x0000000080000000, 0x0000000085f80000, 0x00000000d5580000)
  object space 97792K, 87% used [0x0000000080000000,0x0000000085371420,0x0000000085f80000)
 Metaspace       used 64918K, capacity 66898K, committed 67200K, reserved 1107968K
  class space    used 8344K, capacity 8782K, committed 8832K, reserved 1048576K
}
Event: 6001.673 GC heap before
{Heap before GC invocations=29 (full 4):
 PSYoungGen      total 237568K, used 49639K [0x00000000d5580000, 0x00000000ec600000, 0x0000000100000000)
  eden space 168960K, 0% used [0x00000000d5580000,0x00000000d5580000,0x00000000dfa80000)
  from space 68608K, 72% used [0x00000000dfa80000,0x00000000e2af9ff8,0x00000000e3d80000)
  to   space 72704K, 0% used [0x00000000e7f00000,0x00000000e7f00000,0x00000000ec600000)
 ParOldGen       total 97792K, used 85445K [0x0000000080000000, 0x0000000085f80000, 0x00000000d5580000)
  object space 97792K, 87% used [0x0000000080000000,0x0000000085371420,0x0000000085f80000)
 Metaspace       used 64918K, capacity 66898K, committed 67200K, reserved 1107968K
  class space    used 8344K, capacity 8782K, committed 8832K, reserved 1048576K
Event: 6002.643 GC heap after
Heap after GC invocations=29 (full 4):
 PSYoungGen      total 237568K, used 0K [0x00000000d5580000, 0x00000000ec600000, 0x0000000100000000)
  eden space 168960K, 0% used [0x00000000d5580000,0x00000000d5580000,0x00000000dfa80000)
  from space 68608K, 0% used [0x00000000dfa80000,0x00000000dfa80000,0x00000000e3d80000)
  to   space 72704K, 0% used [0x00000000e7f00000,0x00000000e7f00000,0x00000000ec600000)
 ParOldGen       total 97792K, used 90994K [0x0000000080000000, 0x0000000085f80000, 0x00000000d5580000)
  object space 97792K, 93% used [0x0000000080000000,0x00000000858dcb40,0x0000000085f80000)
 Metaspace       used 64502K, capacity 66188K, committed 67200K, reserved 1107968K
  class space    used 8245K, capacity 8618K, committed 8832K, reserved 1048576K
}
Event: 6004.926 GC heap before
{Heap before GC invocations=30 (full 5):
 PSYoungGen      total 237568K, used 168960K [0x00000000d5580000, 0x00000000ec600000, 0x0000000100000000)
  eden space 168960K, 100% used [0x00000000d5580000,0x00000000dfa80000,0x00000000dfa80000)
  from space 68608K, 0% used [0x00000000dfa80000,0x00000000dfa80000,0x00000000e3d80000)
  to   space 72704K, 0% used [0x00000000e7f00000,0x00000000e7f00000,0x00000000ec600000)
 ParOldGen       total 97792K, used 90994K [0x0000000080000000, 0x0000000085f80000, 0x00000000d5580000)
  object space 97792K, 93% used [0x0000000080000000,0x00000000858dcb40,0x0000000085f80000)
 Metaspace       used 66009K, capacity 67748K, committed 68352K, reserved 1107968K
  class space    used 8451K, capacity 8820K, committed 8960K, reserved 1048576K
Event: 6005.106 GC heap after
Heap after GC invocations=30 (full 5):
 PSYoungGen      total 237568K, used 0K [0x00000000d5580000, 0x00000000ec600000, 0x0000000100000000)
  eden space 168960K, 0% used [0x00000000d5580000,0x00000000d5580000,0x00000000dfa80000)
  from space 68608K, 0% used [0x00000000dfa80000,0x00000000dfa80000,0x00000000e3d80000)
  to   space 72704K, 0% used [0x00000000e7f00000,0x00000000e7f00000,0x00000000ec600000)
 ParOldGen       total 97792K, used 66120K [0x0000000080000000, 0x0000000085f80000, 0x00000000d5580000)
  object space 97792K, 67% used [0x0000000080000000,0x0000000084092050,0x0000000085f80000)
 Metaspace       used 66009K, capacity 67748K, committed 68352K, reserved 1107968K
  class space    used 8451K, capacity 8820K, committed 8960K, reserved 1048576K
}

Deoptimization events (10 events):
Event: 6003.606 Thread 0x000000002014b800 Uncommon trap: reason=class_check action=maybe_recompile pc=0x00000000069f59d0 method=java.util.Formatter$FixedString.print(Ljava/lang/Object;Ljava/util/Locale;)V @ 11
Event: 6003.606 Thread 0x000000002014b800 Uncommon trap: reason=class_check action=maybe_recompile pc=0x00000000069f59d0 method=java.util.Formatter$FixedString.print(Ljava/lang/Object;Ljava/util/Locale;)V @ 11
Event: 6003.606 Thread 0x000000002014b800 Uncommon trap: reason=class_check action=maybe_recompile pc=0x00000000069f59d0 method=java.util.Formatter$FixedString.print(Ljava/lang/Object;Ljava/util/Locale;)V @ 11
Event: 6003.623 Thread 0x000000002014b800 Uncommon trap: reason=class_check action=maybe_recompile pc=0x000000000574fabc method=java.lang.AbstractStringBuilder.append(Ljava/lang/CharSequence;)Ljava/lang/AbstractStringBuilder; @ 26
Event: 6003.623 Thread 0x000000002014b800 Uncommon trap: reason=class_check action=maybe_recompile pc=0x0000000004d1b264 method=java.lang.AbstractStringBuilder.append(Ljava/lang/CharSequence;II)Ljava/lang/AbstractStringBuilder; @ 18
Event: 6004.051 Thread 0x000000001e4dc000 Uncommon trap: reason=null_check action=make_not_entrant pc=0x00000000061f70a0 method=java.lang.Class.reflectionData()Ljava/lang/Class$ReflectionData; @ 24
Event: 6004.074 Thread 0x000000001e4dc000 Uncommon trap: reason=unstable_if action=reinterpret pc=0x0000000004a22f9c method=java.lang.ref.SoftReference.get()Ljava/lang/Object; @ 6
Event: 6004.076 Thread 0x000000001e4dc000 Uncommon trap: reason=unstable_if action=reinterpret pc=0x0000000004fe4064 method=java.math.BigInteger.stripLeadingZeroBytes([B)[I @ 7
Event: 6004.112 Thread 0x000000001e4dc000 Uncommon trap: reason=unstable_if action=reinterpret pc=0x000000000560bea0 method=java.lang.ref.SoftReference.get()Ljava/lang/Object; @ 6
Event: 6004.369 Thread 0x000000001e4dc000 Uncommon trap: reason=unstable_if action=reinterpret pc=0x00000000067f56a0 method=java.lang.StringCoding.safeTrim([CILjava/nio/charset/Charset;Z)[C @ 7

Internal exceptions (10 events):
Event: 6002.654 Thread 0x000000001c194000 Exception <a 'java/lang/NoSuchMethodError': <clinit>> (0x00000000d57a5f20) thrown at [C:\re\workspace\8-2-build-windows-amd64-cygwin\jdk8u66\5298\hotspot\src\share\vm\prims\jni.cpp, line 1591]
Event: 6002.661 Thread 0x000000001c194000 Exception <a 'java/lang/NoSuchMethodError': <clinit>> (0x00000000d580b048) thrown at [C:\re\workspace\8-2-build-windows-amd64-cygwin\jdk8u66\5298\hotspot\src\share\vm\prims\jni.cpp, line 1591]
Event: 6002.662 Thread 0x000000001c194000 Exception <a 'java/lang/NoSuchMethodError': <clinit>> (0x00000000d581b208) thrown at [C:\re\workspace\8-2-build-windows-amd64-cygwin\jdk8u66\5298\hotspot\src\share\vm\prims\jni.cpp, line 1591]
Event: 6002.665 Thread 0x000000001c194000 Implicit null exception at 0x0000000005a9c8dd to 0x0000000005a9d72d
Event: 6002.667 Thread 0x000000001c194000 Exception <a 'java/lang/NoSuchMethodError': <clinit>> (0x00000000d586eed0) thrown at [C:\re\workspace\8-2-build-windows-amd64-cygwin\jdk8u66\5298\hotspot\src\share\vm\prims\jni.cpp, line 1591]
Event: 6003.420 Thread 0x000000002014b800 Implicit null exception at 0x0000000005964b90 to 0x0000000005964d79
Event: 6004.051 Thread 0x000000001e4dc000 Implicit null exception at 0x00000000061f639c to 0x00000000061f7075
Event: 6004.074 Thread 0x000000001e4dc000 Implicit null exception at 0x0000000004a229dc to 0x0000000004a22f75
Event: 6008.261 Thread 0x000000001c465000 Exception <a 'java/lang/OutOfMemoryError'> (0x00000000dbefe288) thrown at [C:\re\workspace\8-2-build-windows-amd64-cygwin\jdk8u66\5298\hotspot\src\share\vm\prims\jni.cpp, line 735]
Event: 6008.320 Thread 0x000000001c46b000 Exception <a 'java/lang/OutOfMemoryError'> (0x00000000dbf8cd08) thrown at [C:\re\workspace\8-2-build-windows-amd64-cygwin\jdk8u66\5298\hotspot\src\share\vm\prims\jni.cpp, line 735]

Events (10 events):
Event: 6006.186 Thread 0x000000001c466000 Thread exited: 0x000000001c466000
Event: 6006.231 Thread 0x000000001c46b000 Thread added: 0x000000001c46b000
Event: 6006.728 Thread 0x000000001c46b000 Thread exited: 0x000000001c46b000
Event: 6007.204 Thread 0x000000001c465000 Thread added: 0x000000001c465000
Event: 6008.261 Thread 0x000000001c46b000 Thread added: 0x000000001c46b000
Event: 6008.261 loading class java/lang/Throwable$WrappedPrintStream
Event: 6008.262 loading class java/lang/Throwable$WrappedPrintStream done
Event: 6008.270 Thread 0x000000001c465000 Thread exited: 0x000000001c465000
Event: 6008.320 Thread 0x000000001c46c000 Thread added: 0x000000001c46c000
Event: 6008.322 Thread 0x000000001c46b000 Thread exited: 0x000000001c46b000


Dynamic libraries:
0x00007ff6cfbc0000 - 0x00007ff6cfbf7000 	C:\Program Files\Java\jdk1.8.0_66\bin\java.exe
0x00007ff92c940000 - 0x00007ff92cb20000 	C:\WINDOWS\SYSTEM32\ntdll.dll
0x00007ff929f00000 - 0x00007ff929fae000 	C:\WINDOWS\System32\KERNEL32.DLL
0x00007ff9290c0000 - 0x00007ff929326000 	C:\WINDOWS\System32\KERNELBASE.dll
0x00007ff92a940000 - 0x00007ff92a9e1000 	C:\WINDOWS\System32\ADVAPI32.dll
0x00007ff92ad90000 - 0x00007ff92ae2d000 	C:\WINDOWS\System32\msvcrt.dll
0x00007ff929fb0000 - 0x00007ff92a00b000 	C:\WINDOWS\System32\sechost.dll
0x00007ff92b130000 - 0x00007ff92b24f000 	C:\WINDOWS\System32\RPCRT4.dll
0x00007ff92a660000 - 0x00007ff92a7ee000 	C:\WINDOWS\System32\USER32.dll
0x00007ff929500000 - 0x00007ff929520000 	C:\WINDOWS\System32\win32u.dll
0x00007ff92a010000 - 0x00007ff92a038000 	C:\WINDOWS\System32\GDI32.dll
0x00007ff929c70000 - 0x00007ff929e04000 	C:\WINDOWS\System32\gdi32full.dll
0x00007ff929460000 - 0x00007ff9294fb000 	C:\WINDOWS\System32\msvcp_win.dll
0x00007ff928fc0000 - 0x00007ff9290b6000 	C:\WINDOWS\System32\ucrtbase.dll
0x00007ff91e410000 - 0x00007ff91e679000 	C:\WINDOWS\WinSxS\amd64_microsoft.windows.common-controls_6595b64144ccf1df_6.0.16299.19_none_cc92fab02215da61\COMCTL32.dll
0x00007ff92aa80000 - 0x00007ff92ad88000 	C:\WINDOWS\System32\combase.dll
0x00007ff9293e0000 - 0x00007ff929452000 	C:\WINDOWS\System32\bcryptPrimitives.dll
0x00007ff92a9f0000 - 0x00007ff92aa1d000 	C:\WINDOWS\System32\IMM32.DLL
0x000000006fc50000 - 0x000000006fd22000 	C:\Program Files\Java\jdk1.8.0_66\jre\bin\msvcr100.dll
0x000000006f3c0000 - 0x000000006fc49000 	C:\Program Files\Java\jdk1.8.0_66\jre\bin\server\jvm.dll
0x00007ff92aef0000 - 0x00007ff92aef8000 	C:\WINDOWS\System32\PSAPI.DLL
0x00007ff91e690000 - 0x00007ff91e69a000 	C:\WINDOWS\SYSTEM32\VERSION.dll
0x00007ff927950000 - 0x00007ff927959000 	C:\WINDOWS\SYSTEM32\WSOCK32.dll
0x00007ff924ca0000 - 0x00007ff924cc3000 	C:\WINDOWS\SYSTEM32\WINMM.dll
0x00007ff92b2b0000 - 0x00007ff92b31c000 	C:\WINDOWS\System32\WS2_32.dll
0x00007ff924c40000 - 0x00007ff924c6a000 	C:\WINDOWS\SYSTEM32\winmmbase.dll
0x00007ff928f70000 - 0x00007ff928fba000 	C:\WINDOWS\System32\cfgmgr32.dll
0x0000000072340000 - 0x000000007234f000 	C:\Program Files\Java\jdk1.8.0_66\jre\bin\verify.dll
0x0000000072310000 - 0x0000000072339000 	C:\Program Files\Java\jdk1.8.0_66\jre\bin\java.dll
0x0000000071d60000 - 0x0000000071d76000 	C:\Program Files\Java\jdk1.8.0_66\jre\bin\zip.dll
0x00007ff92b4d0000 - 0x00007ff92c907000 	C:\WINDOWS\System32\SHELL32.dll
0x00007ff92ae30000 - 0x00007ff92aed6000 	C:\WINDOWS\System32\shcore.dll
0x00007ff929520000 - 0x00007ff929c67000 	C:\WINDOWS\System32\windows.storage.dll
0x00007ff92a040000 - 0x00007ff92a091000 	C:\WINDOWS\System32\shlwapi.dll
0x00007ff928d20000 - 0x00007ff928d31000 	C:\WINDOWS\System32\kernel.appcore.dll
0x00007ff928cd0000 - 0x00007ff928d1c000 	C:\WINDOWS\System32\powrprof.dll
0x00007ff928cb0000 - 0x00007ff928ccb000 	C:\WINDOWS\System32\profapi.dll
0x0000000071d40000 - 0x0000000071d5a000 	C:\Program Files\Java\jdk1.8.0_66\jre\bin\net.dll
0x00007ff928520000 - 0x00007ff928586000 	C:\WINDOWS\system32\mswsock.dll
0x000000006f3a0000 - 0x000000006f3b1000 	C:\Program Files\Java\jdk1.8.0_66\jre\bin\nio.dll
0x00007ff922240000 - 0x00007ff922252000 	C:\Users\RIL\.gradle\native\19\windows-amd64\native-platform.dll
0x00007ff9286f0000 - 0x00007ff928707000 	C:\WINDOWS\SYSTEM32\CRYPTSP.dll
0x00007ff928130000 - 0x00007ff928163000 	C:\WINDOWS\system32\rsaenh.dll
0x00007ff9287f0000 - 0x00007ff928815000 	C:\WINDOWS\SYSTEM32\bcrypt.dll
0x00007ff928b90000 - 0x00007ff928bb9000 	C:\WINDOWS\SYSTEM32\USERENV.dll
0x00007ff9286e0000 - 0x00007ff9286eb000 	C:\WINDOWS\SYSTEM32\CRYPTBASE.dll
0x00007ff9282b0000 - 0x00007ff9282e9000 	C:\WINDOWS\SYSTEM32\IPHLPAPI.DLL
0x00007ff92b4c0000 - 0x00007ff92b4c8000 	C:\WINDOWS\System32\NSI.dll
0x00007ff921170000 - 0x00007ff921186000 	C:\WINDOWS\SYSTEM32\dhcpcsvc6.DLL
0x00007ff921280000 - 0x00007ff92129a000 	C:\WINDOWS\SYSTEM32\dhcpcsvc.DLL
0x0000000072300000 - 0x000000007230d000 	C:\Program Files\Java\jdk1.8.0_66\jre\bin\management.dll
0x00007ff927ee0000 - 0x00007ff927f11000 	C:\WINDOWS\SYSTEM32\ntmarta.dll

VM Arguments:
jvm_args: -Xmx2048m -Dfile.encoding=windows-1252 -Duser.country=IN -Duser.language=en -Duser.variant 
java_command: org.gradle.launcher.daemon.bootstrap.GradleDaemon 2.14.1
java_class_path (initial): C:\Users\RIL\.gradle\wrapper\dists\gradle-2.14.1-all\53l0mv9mggp9q5m2ip574m21oh\gradle-2.14.1\lib\gradle-launcher-2.14.1.jar
Launcher Type: SUN_STANDARD

Environment Variables:
JAVA_HOME=C:\Program Files\Java\jdk1.8.0_66
CLASSPATH=H:\watchHours-ionic\platforms\android\\gradle\wrapper\gradle-wrapper.jar
USERNAME=MANOJ
OS=Windows_NT
PROCESSOR_IDENTIFIER=Intel64 Family 6 Model 61 Stepping 4, GenuineIntel



---------------  S Y S T E M  ---------------

OS: Windows 10.0 , 64 bit Build 16299 (10.0.16299.15)

CPU:total 4 (2 cores per cpu, 2 threads per core) family 6 model 61 stepping 4, cmov, cx8, fxsr, mmx, sse, sse2, sse3, ssse3, sse4.1, sse4.2, popcnt, avx, avx2, aes, clmul, erms, 3dnowpref, lzcnt, ht, tsc, tscinvbit, bmi1, bmi2, adx

Memory: 4k page, physical 8301964k(2274228k free), swap 9732492k(1212k free)

vm_info: Java HotSpot(TM) 64-Bit Server VM (25.66-b18) for windows-amd64 JRE (1.8.0_66-b18), built on Nov  9 2015 10:51:13 by "java_re" with MS VC++ 10.0 (VS2010)

time: Tue Nov 07 12:55:24 2017
elapsed time: 6008 seconds (0d 1h 40m 8s)

